2025-08-18 13:34:22.171  INFO 23104 --- [scheduling-1] c.p.a.service.impl.OrderServiceImpl      : ¡¾Scheduled Task¡¿Start cancelUnpaidOrders().
2025-08-18 13:34:22.179  INFO 23104 --- [scheduling-1] c.p.a.service.impl.OrderServiceImpl      : ¡¾Scheduled Task¡¿End cancelUnpaidOrders(). No upaidOrders. Time:2025-08-18T13:34:22.179559200
2025-08-18 13:35:22.139  INFO 23104 --- [scheduling-1] c.p.a.service.impl.OrderServiceImpl      : ¡¾Scheduled Task¡¿Start cancelUnpaidOrders().
2025-08-18 13:35:22.152  INFO 23104 --- [scheduling-1] c.p.a.service.impl.OrderServiceImpl      : ¡¾Scheduled Task¡¿End cancelUnpaidOrders(). No upaidOrders. Time:2025-08-18T13:35:22.152733700
2025-08-18 13:36:18.249  INFO 23104 --- [SpringApplicationShutdownHook] j.LocalContainerEntityManagerFactoryBean : Closing JPA EntityManagerFactory for persistence unit 'default'
2025-08-18 13:36:18.249  INFO 23104 --- [SpringApplicationShutdownHook] com.zaxxer.hikari.HikariDataSource       : HikariPool-1 - Shutdown initiated...
2025-08-18 13:36:18.249  INFO 23104 --- [SpringApplicationShutdownHook] com.zaxxer.hikari.HikariDataSource       : HikariPool-1 - Shutdown completed.
2025-08-18 14:38:58.876  INFO 11712 --- [main] c.p.a.AirlineOrderBackendApplication     : Starting AirlineOrderBackendApplication using Java 17 on IBM-PF3K9Z7A with PID 11712 (D:\dev\airline-order-course\backend\target\classes started by WenWRRong in D:\dev\airline-order-course\backend)
2025-08-18 14:38:58.879  INFO 11712 --- [main] c.p.a.AirlineOrderBackendApplication     : No active profile set, falling back to 1 default profile: "default"
2025-08-18 14:38:59.500  INFO 11712 --- [main] .s.d.r.c.RepositoryConfigurationDelegate : Bootstrapping Spring Data JPA repositories in DEFAULT mode.
2025-08-18 14:38:59.545  INFO 11712 --- [main] .s.d.r.c.RepositoryConfigurationDelegate : Finished Spring Data repository scanning in 43 ms. Found 2 JPA repository interfaces.
2025-08-18 14:39:00.075  INFO 11712 --- [main] o.s.b.w.embedded.tomcat.TomcatWebServer  : Tomcat initialized with port(s): 8080 (http)
2025-08-18 14:39:00.075  INFO 11712 --- [main] o.apache.catalina.core.StandardService   : Starting service [Tomcat]
2025-08-18 14:39:00.075  INFO 11712 --- [main] org.apache.catalina.core.StandardEngine  : Starting Servlet engine: [Apache Tomcat/9.0.83]
2025-08-18 14:39:00.211  INFO 11712 --- [main] o.a.c.c.C.[Tomcat].[localhost].[/]       : Initializing Spring embedded WebApplicationContext
2025-08-18 14:39:00.211  INFO 11712 --- [main] w.s.c.ServletWebServerApplicationContext : Root WebApplicationContext: initialization completed in 1277 ms
2025-08-18 14:39:00.377  INFO 11712 --- [main] o.hibernate.jpa.internal.util.LogHelper  : HHH000204: Processing PersistenceUnitInfo [name: default]
2025-08-18 14:39:00.414  INFO 11712 --- [main] org.hibernate.Version                    : HHH000412: Hibernate ORM core version 5.6.15.Final
2025-08-18 14:39:00.511  INFO 11712 --- [main] o.hibernate.annotations.common.Version   : HCANN000001: Hibernate Commons Annotations {5.1.2.Final}
2025-08-18 14:39:00.593  INFO 11712 --- [main] com.zaxxer.hikari.HikariDataSource       : HikariPool-1 - Starting...
2025-08-18 14:39:00.757  INFO 11712 --- [main] com.zaxxer.hikari.HikariDataSource       : HikariPool-1 - Start completed.
2025-08-18 14:39:00.769  INFO 11712 --- [main] org.hibernate.dialect.Dialect            : HHH000400: Using dialect: org.hibernate.dialect.MySQL8Dialect
2025-08-18 14:39:01.315  INFO 11712 --- [main] o.h.e.t.j.p.i.JtaPlatformInitiator       : HHH000490: Using JtaPlatform implementation: [org.hibernate.engine.transaction.jta.platform.internal.NoJtaPlatform]
2025-08-18 14:39:01.315  INFO 11712 --- [main] j.LocalContainerEntityManagerFactoryBean : Initialized JPA EntityManagerFactory for persistence unit 'default'
2025-08-18 14:39:01.737  INFO 11712 --- [main] o.s.s.web.DefaultSecurityFilterChain     : Will secure any request with [org.springframework.security.web.session.DisableEncodeUrlFilter@684f7f1c, org.springframework.security.web.context.request.async.WebAsyncManagerIntegrationFilter@6a013bdd, org.springframework.security.web.context.SecurityContextPersistenceFilter@406808eb, org.springframework.security.web.header.HeaderWriterFilter@3462e99a, org.springframework.security.web.authentication.logout.LogoutFilter@3b780b5c, com.postion.airlineorderbackend.config.JwtAuthFilter@3faa55, org.springframework.security.web.savedrequest.RequestCacheAwareFilter@89465d9, org.springframework.security.web.servletapi.SecurityContextHolderAwareRequestFilter@19355a56, org.springframework.security.web.authentication.AnonymousAuthenticationFilter@5e0bba2f, org.springframework.security.web.session.SessionManagementFilter@9dbb1d9, org.springframework.security.web.access.ExceptionTranslationFilter@9f52eb7, org.springframework.security.web.access.intercept.AuthorizationFilter@15a2fddd]
2025-08-18 14:39:01.858  WARN 11712 --- [main] JpaBaseConfiguration$JpaWebConfiguration : spring.jpa.open-in-view is enabled by default. Therefore, database queries may be performed during view rendering. Explicitly configure spring.jpa.open-in-view to disable this warning
2025-08-18 14:39:02.188  INFO 11712 --- [main] o.s.b.w.embedded.tomcat.TomcatWebServer  : Tomcat started on port(s): 8080 (http) with context path ''
2025-08-18 14:39:02.188  INFO 11712 --- [main] c.p.a.AirlineOrderBackendApplication     : Started AirlineOrderBackendApplication in 3.673 seconds (JVM running for 3.983)
2025-08-18 14:39:02.579  INFO 11712 --- [scheduling-1] c.p.a.service.impl.OrderServiceImpl      : ¡¾Scheduled Task¡¿Start cancelUnpaidOrders().
2025-08-18 14:39:02.693  INFO 11712 --- [scheduling-1] c.p.a.service.impl.OrderServiceImpl      : ¡¾Scheduled Task¡¿End cancelUnpaidOrders(). No upaidOrders. Time:2025-08-18T14:39:02.693584800
2025-08-18 14:39:17.106  INFO 11712 --- [http-nio-8080-exec-1] o.a.c.c.C.[Tomcat].[localhost].[/]       : Initializing Spring DispatcherServlet 'dispatcherServlet'
2025-08-18 14:39:17.106  INFO 11712 --- [http-nio-8080-exec-1] o.s.web.servlet.DispatcherServlet        : Initializing Servlet 'dispatcherServlet'
2025-08-18 14:39:17.109  INFO 11712 --- [http-nio-8080-exec-1] o.s.web.servlet.DispatcherServlet        : Completed initialization in 3 ms
2025-08-18 14:40:02.271  INFO 11712 --- [scheduling-1] c.p.a.service.impl.OrderServiceImpl      : ¡¾Scheduled Task¡¿Start cancelUnpaidOrders().
2025-08-18 14:40:02.286  INFO 11712 --- [scheduling-1] c.p.a.service.impl.OrderServiceImpl      : ¡¾Scheduled Task¡¿End cancelUnpaidOrders(). No upaidOrders. Time:2025-08-18T14:40:02.286838200
2025-08-18 14:41:02.307  INFO 11712 --- [scheduling-1] c.p.a.service.impl.OrderServiceImpl      : ¡¾Scheduled Task¡¿Start cancelUnpaidOrders().
2025-08-18 14:41:02.311  INFO 11712 --- [scheduling-1] c.p.a.service.impl.OrderServiceImpl      : ¡¾Scheduled Task¡¿End cancelUnpaidOrders(). No upaidOrders. Time:2025-08-18T14:41:02.311178500
2025-08-18 14:42:02.326  INFO 11712 --- [scheduling-1] c.p.a.service.impl.OrderServiceImpl      : ¡¾Scheduled Task¡¿Start cancelUnpaidOrders().
2025-08-18 14:42:02.333  INFO 11712 --- [scheduling-1] c.p.a.service.impl.OrderServiceImpl      : ¡¾Scheduled Task¡¿End cancelUnpaidOrders(). No upaidOrders. Time:2025-08-18T14:42:02.333206700
2025-08-18 14:43:02.314  INFO 11712 --- [scheduling-1] c.p.a.service.impl.OrderServiceImpl      : ¡¾Scheduled Task¡¿Start cancelUnpaidOrders().
2025-08-18 14:43:02.330  INFO 11712 --- [scheduling-1] c.p.a.service.impl.OrderServiceImpl      : ¡¾Scheduled Task¡¿End cancelUnpaidOrders(). No upaidOrders. Time:2025-08-18T14:43:02.330913
2025-08-18 14:44:02.288  INFO 11712 --- [scheduling-1] c.p.a.service.impl.OrderServiceImpl      : ¡¾Scheduled Task¡¿Start cancelUnpaidOrders().
2025-08-18 14:44:02.304  INFO 11712 --- [scheduling-1] c.p.a.service.impl.OrderServiceImpl      : ¡¾Scheduled Task¡¿End cancelUnpaidOrders(). No upaidOrders. Time:2025-08-18T14:44:02.304187800
2025-08-18 14:45:02.311  INFO 11712 --- [scheduling-1] c.p.a.service.impl.OrderServiceImpl      : ¡¾Scheduled Task¡¿Start cancelUnpaidOrders().
2025-08-18 14:45:02.317  INFO 11712 --- [scheduling-1] c.p.a.service.impl.OrderServiceImpl      : ¡¾Scheduled Task¡¿End cancelUnpaidOrders(). No upaidOrders. Time:2025-08-18T14:45:02.317156900
2025-08-18 14:46:02.275  INFO 11712 --- [scheduling-1] c.p.a.service.impl.OrderServiceImpl      : ¡¾Scheduled Task¡¿Start cancelUnpaidOrders().
2025-08-18 14:46:02.291  INFO 11712 --- [scheduling-1] c.p.a.service.impl.OrderServiceImpl      : ¡¾Scheduled Task¡¿End cancelUnpaidOrders(). No upaidOrders. Time:2025-08-18T14:46:02.291473
2025-08-18 14:47:02.272  INFO 11712 --- [scheduling-1] c.p.a.service.impl.OrderServiceImpl      : ¡¾Scheduled Task¡¿Start cancelUnpaidOrders().
2025-08-18 14:47:02.287  INFO 11712 --- [scheduling-1] c.p.a.service.impl.OrderServiceImpl      : ¡¾Scheduled Task¡¿End cancelUnpaidOrders(). No upaidOrders. Time:2025-08-18T14:47:02.287769800
2025-08-18 14:48:02.316  INFO 11712 --- [scheduling-1] c.p.a.service.impl.OrderServiceImpl      : ¡¾Scheduled Task¡¿Start cancelUnpaidOrders().
2025-08-18 14:48:02.330  INFO 11712 --- [scheduling-1] c.p.a.service.impl.OrderServiceImpl      : ¡¾Scheduled Task¡¿End cancelUnpaidOrders(). No upaidOrders. Time:2025-08-18T14:48:02.330436
2025-08-18 14:49:02.295  INFO 11712 --- [scheduling-1] c.p.a.service.impl.OrderServiceImpl      : ¡¾Scheduled Task¡¿Start cancelUnpaidOrders().
2025-08-18 14:49:02.302  INFO 11712 --- [scheduling-1] c.p.a.service.impl.OrderServiceImpl      : ¡¾Scheduled Task¡¿End cancelUnpaidOrders(). No upaidOrders. Time:2025-08-18T14:49:02.302214900
2025-08-18 14:50:02.325  INFO 11712 --- [scheduling-1] c.p.a.service.impl.OrderServiceImpl      : ¡¾Scheduled Task¡¿Start cancelUnpaidOrders().
2025-08-18 14:50:02.330  INFO 11712 --- [scheduling-1] c.p.a.service.impl.OrderServiceImpl      : ¡¾Scheduled Task¡¿End cancelUnpaidOrders(). No upaidOrders. Time:2025-08-18T14:50:02.330295700
2025-08-18 14:51:02.306  INFO 11712 --- [scheduling-1] c.p.a.service.impl.OrderServiceImpl      : ¡¾Scheduled Task¡¿Start cancelUnpaidOrders().
2025-08-18 14:51:02.314  INFO 11712 --- [scheduling-1] c.p.a.service.impl.OrderServiceImpl      : ¡¾Scheduled Task¡¿End cancelUnpaidOrders(). No upaidOrders. Time:2025-08-18T14:51:02.314902100
2025-08-18 14:52:02.355  INFO 11712 --- [scheduling-1] c.p.a.service.impl.OrderServiceImpl      : ¡¾Scheduled Task¡¿Start cancelUnpaidOrders().
2025-08-18 14:52:02.355  INFO 11712 --- [scheduling-1] c.p.a.service.impl.OrderServiceImpl      : ¡¾Scheduled Task¡¿End cancelUnpaidOrders(). No upaidOrders. Time:2025-08-18T14:52:02.355349
2025-08-18 14:53:02.378  INFO 11712 --- [scheduling-1] c.p.a.service.impl.OrderServiceImpl      : ¡¾Scheduled Task¡¿Start cancelUnpaidOrders().
2025-08-18 14:53:02.378  INFO 11712 --- [scheduling-1] c.p.a.service.impl.OrderServiceImpl      : ¡¾Scheduled Task¡¿End cancelUnpaidOrders(). No upaidOrders. Time:2025-08-18T14:53:02.378537200
2025-08-18 14:54:03.005  INFO 11712 --- [scheduling-1] c.p.a.service.impl.OrderServiceImpl      : ¡¾Scheduled Task¡¿Start cancelUnpaidOrders().
2025-08-18 14:54:03.011  INFO 11712 --- [scheduling-1] c.p.a.service.impl.OrderServiceImpl      : ¡¾Scheduled Task¡¿End cancelUnpaidOrders(). No upaidOrders. Time:2025-08-18T14:54:03.011082800
2025-08-18 14:55:02.287  INFO 11712 --- [scheduling-1] c.p.a.service.impl.OrderServiceImpl      : ¡¾Scheduled Task¡¿Start cancelUnpaidOrders().
2025-08-18 14:55:02.292  INFO 11712 --- [scheduling-1] c.p.a.service.impl.OrderServiceImpl      : ¡¾Scheduled Task¡¿End cancelUnpaidOrders(). No upaidOrders. Time:2025-08-18T14:55:02.292849200
2025-08-18 14:56:02.317  INFO 11712 --- [scheduling-1] c.p.a.service.impl.OrderServiceImpl      : ¡¾Scheduled Task¡¿Start cancelUnpaidOrders().
2025-08-18 14:56:02.322  INFO 11712 --- [scheduling-1] c.p.a.service.impl.OrderServiceImpl      : ¡¾Scheduled Task¡¿End cancelUnpaidOrders(). No upaidOrders. Time:2025-08-18T14:56:02.322284100
2025-08-18 14:57:02.471  INFO 11712 --- [scheduling-1] c.p.a.service.impl.OrderServiceImpl      : ¡¾Scheduled Task¡¿Start cancelUnpaidOrders().
2025-08-18 14:57:02.476  INFO 11712 --- [scheduling-1] c.p.a.service.impl.OrderServiceImpl      : ¡¾Scheduled Task¡¿End cancelUnpaidOrders(). No upaidOrders. Time:2025-08-18T14:57:02.476211
2025-08-18 14:58:02.289  INFO 11712 --- [scheduling-1] c.p.a.service.impl.OrderServiceImpl      : ¡¾Scheduled Task¡¿Start cancelUnpaidOrders().
2025-08-18 14:58:02.295  INFO 11712 --- [scheduling-1] c.p.a.service.impl.OrderServiceImpl      : ¡¾Scheduled Task¡¿End cancelUnpaidOrders(). No upaidOrders. Time:2025-08-18T14:58:02.295238100
2025-08-18 14:59:02.324  INFO 11712 --- [scheduling-1] c.p.a.service.impl.OrderServiceImpl      : ¡¾Scheduled Task¡¿Start cancelUnpaidOrders().
2025-08-18 14:59:02.324  INFO 11712 --- [scheduling-1] c.p.a.service.impl.OrderServiceImpl      : ¡¾Scheduled Task¡¿End cancelUnpaidOrders(). No upaidOrders. Time:2025-08-18T14:59:02.324260
2025-08-18 15:00:02.324  INFO 11712 --- [scheduling-1] c.p.a.service.impl.OrderServiceImpl      : ¡¾Scheduled Task¡¿Start cancelUnpaidOrders().
2025-08-18 15:00:02.324  INFO 11712 --- [scheduling-1] c.p.a.service.impl.OrderServiceImpl      : ¡¾Scheduled Task¡¿End cancelUnpaidOrders(). No upaidOrders. Time:2025-08-18T15:00:02.324587800
2025-08-18 15:01:02.284  INFO 11712 --- [scheduling-1] c.p.a.service.impl.OrderServiceImpl      : ¡¾Scheduled Task¡¿Start cancelUnpaidOrders().
2025-08-18 15:01:02.290  INFO 11712 --- [scheduling-1] c.p.a.service.impl.OrderServiceImpl      : ¡¾Scheduled Task¡¿End cancelUnpaidOrders(). No upaidOrders. Time:2025-08-18T15:01:02.290033100
2025-08-18 15:02:02.296  INFO 11712 --- [scheduling-1] c.p.a.service.impl.OrderServiceImpl      : ¡¾Scheduled Task¡¿Start cancelUnpaidOrders().
2025-08-18 15:02:02.306  INFO 11712 --- [scheduling-1] c.p.a.service.impl.OrderServiceImpl      : ¡¾Scheduled Task¡¿End cancelUnpaidOrders(). No upaidOrders. Time:2025-08-18T15:02:02.306463
2025-08-18 15:03:02.286  INFO 11712 --- [scheduling-1] c.p.a.service.impl.OrderServiceImpl      : ¡¾Scheduled Task¡¿Start cancelUnpaidOrders().
2025-08-18 15:03:02.292  INFO 11712 --- [scheduling-1] c.p.a.service.impl.OrderServiceImpl      : ¡¾Scheduled Task¡¿End cancelUnpaidOrders(). No upaidOrders. Time:2025-08-18T15:03:02.292928500
2025-08-18 15:04:02.401  INFO 11712 --- [scheduling-1] c.p.a.service.impl.OrderServiceImpl      : ¡¾Scheduled Task¡¿Start cancelUnpaidOrders().
2025-08-18 15:04:02.407  INFO 11712 --- [scheduling-1] c.p.a.service.impl.OrderServiceImpl      : ¡¾Scheduled Task¡¿End cancelUnpaidOrders(). No upaidOrders. Time:2025-08-18T15:04:02.407272500
2025-08-18 15:05:02.293  INFO 11712 --- [scheduling-1] c.p.a.service.impl.OrderServiceImpl      : ¡¾Scheduled Task¡¿Start cancelUnpaidOrders().
2025-08-18 15:05:02.300  INFO 11712 --- [scheduling-1] c.p.a.service.impl.OrderServiceImpl      : ¡¾Scheduled Task¡¿End cancelUnpaidOrders(). No upaidOrders. Time:2025-08-18T15:05:02.300035700
2025-08-18 15:06:02.287  INFO 11712 --- [scheduling-1] c.p.a.service.impl.OrderServiceImpl      : ¡¾Scheduled Task¡¿Start cancelUnpaidOrders().
2025-08-18 15:06:02.294  INFO 11712 --- [scheduling-1] c.p.a.service.impl.OrderServiceImpl      : ¡¾Scheduled Task¡¿End cancelUnpaidOrders(). No upaidOrders. Time:2025-08-18T15:06:02.294049500
2025-08-18 15:07:02.324  INFO 11712 --- [scheduling-1] c.p.a.service.impl.OrderServiceImpl      : ¡¾Scheduled Task¡¿Start cancelUnpaidOrders().
2025-08-18 15:07:02.331  INFO 11712 --- [scheduling-1] c.p.a.service.impl.OrderServiceImpl      : ¡¾Scheduled Task¡¿End cancelUnpaidOrders(). No upaidOrders. Time:2025-08-18T15:07:02.331034
2025-08-18 15:08:02.286  INFO 11712 --- [scheduling-1] c.p.a.service.impl.OrderServiceImpl      : ¡¾Scheduled Task¡¿Start cancelUnpaidOrders().
2025-08-18 15:08:02.292  INFO 11712 --- [scheduling-1] c.p.a.service.impl.OrderServiceImpl      : ¡¾Scheduled Task¡¿End cancelUnpaidOrders(). No upaidOrders. Time:2025-08-18T15:08:02.292964100
2025-08-18 15:09:02.304  INFO 11712 --- [scheduling-1] c.p.a.service.impl.OrderServiceImpl      : ¡¾Scheduled Task¡¿Start cancelUnpaidOrders().
2025-08-18 15:09:02.310  INFO 11712 --- [scheduling-1] c.p.a.service.impl.OrderServiceImpl      : ¡¾Scheduled Task¡¿End cancelUnpaidOrders(). No upaidOrders. Time:2025-08-18T15:09:02.310050500
2025-08-18 15:10:02.395  INFO 11712 --- [scheduling-1] c.p.a.service.impl.OrderServiceImpl      : ¡¾Scheduled Task¡¿Start cancelUnpaidOrders().
2025-08-18 15:10:02.401  INFO 11712 --- [scheduling-1] c.p.a.service.impl.OrderServiceImpl      : ¡¾Scheduled Task¡¿End cancelUnpaidOrders(). No upaidOrders. Time:2025-08-18T15:10:02.401359900
2025-08-18 15:11:02.282  INFO 11712 --- [scheduling-1] c.p.a.service.impl.OrderServiceImpl      : ¡¾Scheduled Task¡¿Start cancelUnpaidOrders().
2025-08-18 15:11:02.298  INFO 11712 --- [scheduling-1] c.p.a.service.impl.OrderServiceImpl      : ¡¾Scheduled Task¡¿End cancelUnpaidOrders(). No upaidOrders. Time:2025-08-18T15:11:02.298608
2025-08-18 15:12:02.289  INFO 11712 --- [scheduling-1] c.p.a.service.impl.OrderServiceImpl      : ¡¾Scheduled Task¡¿Start cancelUnpaidOrders().
2025-08-18 15:12:02.296  INFO 11712 --- [scheduling-1] c.p.a.service.impl.OrderServiceImpl      : ¡¾Scheduled Task¡¿End cancelUnpaidOrders(). No upaidOrders. Time:2025-08-18T15:12:02.296492500
2025-08-18 15:13:02.301  INFO 11712 --- [scheduling-1] c.p.a.service.impl.OrderServiceImpl      : ¡¾Scheduled Task¡¿Start cancelUnpaidOrders().
2025-08-18 15:13:02.307  INFO 11712 --- [scheduling-1] c.p.a.service.impl.OrderServiceImpl      : ¡¾Scheduled Task¡¿End cancelUnpaidOrders(). No upaidOrders. Time:2025-08-18T15:13:02.307945100
2025-08-18 15:14:02.299  INFO 11712 --- [scheduling-1] c.p.a.service.impl.OrderServiceImpl      : ¡¾Scheduled Task¡¿Start cancelUnpaidOrders().
2025-08-18 15:14:02.308  INFO 11712 --- [scheduling-1] c.p.a.service.impl.OrderServiceImpl      : ¡¾Scheduled Task¡¿End cancelUnpaidOrders(). No upaidOrders. Time:2025-08-18T15:14:02.308524800
2025-08-18 15:15:02.298  INFO 11712 --- [scheduling-1] c.p.a.service.impl.OrderServiceImpl      : ¡¾Scheduled Task¡¿Start cancelUnpaidOrders().
2025-08-18 15:15:02.306  INFO 11712 --- [scheduling-1] c.p.a.service.impl.OrderServiceImpl      : ¡¾Scheduled Task¡¿End cancelUnpaidOrders(). No upaidOrders. Time:2025-08-18T15:15:02.306145900
2025-08-18 15:16:02.296  INFO 11712 --- [scheduling-1] c.p.a.service.impl.OrderServiceImpl      : ¡¾Scheduled Task¡¿Start cancelUnpaidOrders().
2025-08-18 15:16:02.296  INFO 11712 --- [scheduling-1] c.p.a.service.impl.OrderServiceImpl      : ¡¾Scheduled Task¡¿End cancelUnpaidOrders(). No upaidOrders. Time:2025-08-18T15:16:02.296749
2025-08-18 15:17:02.296  INFO 11712 --- [scheduling-1] c.p.a.service.impl.OrderServiceImpl      : ¡¾Scheduled Task¡¿Start cancelUnpaidOrders().
2025-08-18 15:17:02.301  INFO 11712 --- [scheduling-1] c.p.a.service.impl.OrderServiceImpl      : ¡¾Scheduled Task¡¿End cancelUnpaidOrders(). No upaidOrders. Time:2025-08-18T15:17:02.301853400
2025-08-18 15:17:46.371 ERROR 11712 --- [http-nio-8080-exec-5] c.p.a.exception.GlobalExceptionHandler   : Exception£ºRequest method 'POST' not supported

org.springframework.web.HttpRequestMethodNotSupportedException: Request method 'POST' not supported
	at org.springframework.web.servlet.mvc.method.RequestMappingInfoHandlerMapping.handleNoMatch(RequestMappingInfoHandlerMapping.java:260) ~[spring-webmvc-5.3.31.jar:5.3.31]
	at org.springframework.web.servlet.handler.AbstractHandlerMethodMapping.lookupHandlerMethod(AbstractHandlerMethodMapping.java:442) ~[spring-webmvc-5.3.31.jar:5.3.31]
	at org.springframework.web.servlet.handler.AbstractHandlerMethodMapping.getHandlerInternal(AbstractHandlerMethodMapping.java:383) ~[spring-webmvc-5.3.31.jar:5.3.31]
	at org.springframework.web.servlet.mvc.method.RequestMappingInfoHandlerMapping.getHandlerInternal(RequestMappingInfoHandlerMapping.java:125) ~[spring-webmvc-5.3.31.jar:5.3.31]
	at org.springframework.web.servlet.mvc.method.RequestMappingInfoHandlerMapping.getHandlerInternal(RequestMappingInfoHandlerMapping.java:67) ~[spring-webmvc-5.3.31.jar:5.3.31]
	at org.springframework.web.servlet.handler.AbstractHandlerMapping.getHandler(AbstractHandlerMapping.java:498) ~[spring-webmvc-5.3.31.jar:5.3.31]
	at org.springframework.web.servlet.DispatcherServlet.getHandler(DispatcherServlet.java:1266) ~[spring-webmvc-5.3.31.jar:5.3.31]
	at org.springframework.web.servlet.DispatcherServlet.doDispatch(DispatcherServlet.java:1048) ~[spring-webmvc-5.3.31.jar:5.3.31]
	at org.springframework.web.servlet.DispatcherServlet.doService(DispatcherServlet.java:965) ~[spring-webmvc-5.3.31.jar:5.3.31]
	at org.springframework.web.servlet.FrameworkServlet.processRequest(FrameworkServlet.java:1006) ~[spring-webmvc-5.3.31.jar:5.3.31]
	at org.springframework.web.servlet.FrameworkServlet.doPost(FrameworkServlet.java:909) ~[spring-webmvc-5.3.31.jar:5.3.31]
	at javax.servlet.http.HttpServlet.service(HttpServlet.java:555) ~[tomcat-embed-core-9.0.83.jar:4.0.FR]
	at org.springframework.web.servlet.FrameworkServlet.service(FrameworkServlet.java:883) ~[spring-webmvc-5.3.31.jar:5.3.31]
	at javax.servlet.http.HttpServlet.service(HttpServlet.java:623) ~[tomcat-embed-core-9.0.83.jar:4.0.FR]
	at org.apache.catalina.core.ApplicationFilterChain.internalDoFilter(ApplicationFilterChain.java:209) ~[tomcat-embed-core-9.0.83.jar:9.0.83]
	at org.apache.catalina.core.ApplicationFilterChain.doFilter(ApplicationFilterChain.java:153) ~[tomcat-embed-core-9.0.83.jar:9.0.83]
	at org.apache.tomcat.websocket.server.WsFilter.doFilter(WsFilter.java:51) ~[tomcat-embed-websocket-9.0.83.jar:9.0.83]
	at org.apache.catalina.core.ApplicationFilterChain.internalDoFilter(ApplicationFilterChain.java:178) ~[tomcat-embed-core-9.0.83.jar:9.0.83]
	at org.apache.catalina.core.ApplicationFilterChain.doFilter(ApplicationFilterChain.java:153) ~[tomcat-embed-core-9.0.83.jar:9.0.83]
	at org.springframework.web.filter.OncePerRequestFilter.doFilter(OncePerRequestFilter.java:111) ~[spring-web-5.3.31.jar:5.3.31]
	at org.apache.catalina.core.ApplicationFilterChain.internalDoFilter(ApplicationFilterChain.java:178) ~[tomcat-embed-core-9.0.83.jar:9.0.83]
	at org.apache.catalina.core.ApplicationFilterChain.doFilter(ApplicationFilterChain.java:153) ~[tomcat-embed-core-9.0.83.jar:9.0.83]
	at org.springframework.security.web.FilterChainProxy$VirtualFilterChain.doFilter(FilterChainProxy.java:337) ~[spring-security-web-5.7.11.jar:5.7.11]
	at org.springframework.security.web.access.intercept.AuthorizationFilter.doFilter(AuthorizationFilter.java:96) ~[spring-security-web-5.7.11.jar:5.7.11]
	at org.springframework.security.web.FilterChainProxy$VirtualFilterChain.doFilter(FilterChainProxy.java:346) ~[spring-security-web-5.7.11.jar:5.7.11]
	at org.springframework.security.web.access.ExceptionTranslationFilter.doFilter(ExceptionTranslationFilter.java:122) ~[spring-security-web-5.7.11.jar:5.7.11]
	at org.springframework.security.web.access.ExceptionTranslationFilter.doFilter(ExceptionTranslationFilter.java:116) ~[spring-security-web-5.7.11.jar:5.7.11]
	at org.springframework.security.web.FilterChainProxy$VirtualFilterChain.doFilter(FilterChainProxy.java:346) ~[spring-security-web-5.7.11.jar:5.7.11]
	at org.springframework.security.web.session.SessionManagementFilter.doFilter(SessionManagementFilter.java:126) ~[spring-security-web-5.7.11.jar:5.7.11]
	at org.springframework.security.web.session.SessionManagementFilter.doFilter(SessionManagementFilter.java:81) ~[spring-security-web-5.7.11.jar:5.7.11]
	at org.springframework.security.web.FilterChainProxy$VirtualFilterChain.doFilter(FilterChainProxy.java:346) ~[spring-security-web-5.7.11.jar:5.7.11]
	at org.springframework.security.web.authentication.AnonymousAuthenticationFilter.doFilter(AnonymousAuthenticationFilter.java:109) ~[spring-security-web-5.7.11.jar:5.7.11]
	at org.springframework.security.web.FilterChainProxy$VirtualFilterChain.doFilter(FilterChainProxy.java:346) ~[spring-security-web-5.7.11.jar:5.7.11]
	at org.springframework.security.web.servletapi.SecurityContextHolderAwareRequestFilter.doFilter(SecurityContextHolderAwareRequestFilter.java:149) ~[spring-security-web-5.7.11.jar:5.7.11]
	at org.springframework.security.web.FilterChainProxy$VirtualFilterChain.doFilter(FilterChainProxy.java:346) ~[spring-security-web-5.7.11.jar:5.7.11]
	at org.springframework.security.web.savedrequest.RequestCacheAwareFilter.doFilter(RequestCacheAwareFilter.java:63) ~[spring-security-web-5.7.11.jar:5.7.11]
	at org.springframework.security.web.FilterChainProxy$VirtualFilterChain.doFilter(FilterChainProxy.java:346) ~[spring-security-web-5.7.11.jar:5.7.11]
	at com.postion.airlineorderbackend.config.JwtAuthFilter.doFilterInternal(JwtAuthFilter.java:64) ~[classes/:na]
	at org.springframework.web.filter.OncePerRequestFilter.doFilter(OncePerRequestFilter.java:117) ~[spring-web-5.3.31.jar:5.3.31]
	at org.springframework.security.web.FilterChainProxy$VirtualFilterChain.doFilter(FilterChainProxy.java:346) ~[spring-security-web-5.7.11.jar:5.7.11]
	at org.springframework.security.web.authentication.logout.LogoutFilter.doFilter(LogoutFilter.java:103) ~[spring-security-web-5.7.11.jar:5.7.11]
	at org.springframework.security.web.authentication.logout.LogoutFilter.doFilter(LogoutFilter.java:89) ~[spring-security-web-5.7.11.jar:5.7.11]
	at org.springframework.security.web.FilterChainProxy$VirtualFilterChain.doFilter(FilterChainProxy.java:346) ~[spring-security-web-5.7.11.jar:5.7.11]
	at org.springframework.security.web.header.HeaderWriterFilter.doHeadersAfter(HeaderWriterFilter.java:90) ~[spring-security-web-5.7.11.jar:5.7.11]
	at org.springframework.security.web.header.HeaderWriterFilter.doFilterInternal(HeaderWriterFilter.java:75) ~[spring-security-web-5.7.11.jar:5.7.11]
	at org.springframework.web.filter.OncePerRequestFilter.doFilter(OncePerRequestFilter.java:117) ~[spring-web-5.3.31.jar:5.3.31]
	at org.springframework.security.web.FilterChainProxy$VirtualFilterChain.doFilter(FilterChainProxy.java:346) ~[spring-security-web-5.7.11.jar:5.7.11]
	at org.springframework.security.web.context.SecurityContextPersistenceFilter.doFilter(SecurityContextPersistenceFilter.java:112) ~[spring-security-web-5.7.11.jar:5.7.11]
	at org.springframework.security.web.context.SecurityContextPersistenceFilter.doFilter(SecurityContextPersistenceFilter.java:82) ~[spring-security-web-5.7.11.jar:5.7.11]
	at org.springframework.security.web.FilterChainProxy$VirtualFilterChain.doFilter(FilterChainProxy.java:346) ~[spring-security-web-5.7.11.jar:5.7.11]
	at org.springframework.security.web.context.request.async.WebAsyncManagerIntegrationFilter.doFilterInternal(WebAsyncManagerIntegrationFilter.java:55) ~[spring-security-web-5.7.11.jar:5.7.11]
	at org.springframework.web.filter.OncePerRequestFilter.doFilter(OncePerRequestFilter.java:117) ~[spring-web-5.3.31.jar:5.3.31]
	at org.springframework.security.web.FilterChainProxy$VirtualFilterChain.doFilter(FilterChainProxy.java:346) ~[spring-security-web-5.7.11.jar:5.7.11]
	at org.springframework.security.web.session.DisableEncodeUrlFilter.doFilterInternal(DisableEncodeUrlFilter.java:42) ~[spring-security-web-5.7.11.jar:5.7.11]
	at org.springframework.web.filter.OncePerRequestFilter.doFilter(OncePerRequestFilter.java:117) ~[spring-web-5.3.31.jar:5.3.31]
	at org.springframework.security.web.FilterChainProxy$VirtualFilterChain.doFilter(FilterChainProxy.java:346) ~[spring-security-web-5.7.11.jar:5.7.11]
	at org.springframework.security.web.FilterChainProxy.doFilterInternal(FilterChainProxy.java:221) ~[spring-security-web-5.7.11.jar:5.7.11]
	at org.springframework.security.web.FilterChainProxy.doFilter(FilterChainProxy.java:186) ~[spring-security-web-5.7.11.jar:5.7.11]
	at org.springframework.web.filter.DelegatingFilterProxy.invokeDelegate(DelegatingFilterProxy.java:354) ~[spring-web-5.3.31.jar:5.3.31]
	at org.springframework.web.filter.DelegatingFilterProxy.doFilter(DelegatingFilterProxy.java:267) ~[spring-web-5.3.31.jar:5.3.31]
	at org.apache.catalina.core.ApplicationFilterChain.internalDoFilter(ApplicationFilterChain.java:178) ~[tomcat-embed-core-9.0.83.jar:9.0.83]
	at org.apache.catalina.core.ApplicationFilterChain.doFilter(ApplicationFilterChain.java:153) ~[tomcat-embed-core-9.0.83.jar:9.0.83]
	at org.springframework.web.filter.RequestContextFilter.doFilterInternal(RequestContextFilter.java:100) ~[spring-web-5.3.31.jar:5.3.31]
	at org.springframework.web.filter.OncePerRequestFilter.doFilter(OncePerRequestFilter.java:117) ~[spring-web-5.3.31.jar:5.3.31]
	at org.apache.catalina.core.ApplicationFilterChain.internalDoFilter(ApplicationFilterChain.java:178) ~[tomcat-embed-core-9.0.83.jar:9.0.83]
	at org.apache.catalina.core.ApplicationFilterChain.doFilter(ApplicationFilterChain.java:153) ~[tomcat-embed-core-9.0.83.jar:9.0.83]
	at org.springframework.web.filter.FormContentFilter.doFilterInternal(FormContentFilter.java:93) ~[spring-web-5.3.31.jar:5.3.31]
	at org.springframework.web.filter.OncePerRequestFilter.doFilter(OncePerRequestFilter.java:117) ~[spring-web-5.3.31.jar:5.3.31]
	at org.apache.catalina.core.ApplicationFilterChain.internalDoFilter(ApplicationFilterChain.java:178) ~[tomcat-embed-core-9.0.83.jar:9.0.83]
	at org.apache.catalina.core.ApplicationFilterChain.doFilter(ApplicationFilterChain.java:153) ~[tomcat-embed-core-9.0.83.jar:9.0.83]
	at org.springframework.web.filter.CharacterEncodingFilter.doFilterInternal(CharacterEncodingFilter.java:201) ~[spring-web-5.3.31.jar:5.3.31]
	at org.springframework.web.filter.OncePerRequestFilter.doFilter(OncePerRequestFilter.java:117) ~[spring-web-5.3.31.jar:5.3.31]
	at org.apache.catalina.core.ApplicationFilterChain.internalDoFilter(ApplicationFilterChain.java:178) ~[tomcat-embed-core-9.0.83.jar:9.0.83]
	at org.apache.catalina.core.ApplicationFilterChain.doFilter(ApplicationFilterChain.java:153) ~[tomcat-embed-core-9.0.83.jar:9.0.83]
	at org.apache.catalina.core.StandardWrapperValve.invoke(StandardWrapperValve.java:168) ~[tomcat-embed-core-9.0.83.jar:9.0.83]
	at org.apache.catalina.core.StandardContextValve.invoke(StandardContextValve.java:90) ~[tomcat-embed-core-9.0.83.jar:9.0.83]
	at org.apache.catalina.authenticator.AuthenticatorBase.invoke(AuthenticatorBase.java:481) ~[tomcat-embed-core-9.0.83.jar:9.0.83]
	at org.apache.catalina.core.StandardHostValve.invoke(StandardHostValve.java:130) ~[tomcat-embed-core-9.0.83.jar:9.0.83]
	at org.apache.catalina.valves.ErrorReportValve.invoke(ErrorReportValve.java:93) ~[tomcat-embed-core-9.0.83.jar:9.0.83]
	at org.apache.catalina.core.StandardEngineValve.invoke(StandardEngineValve.java:74) ~[tomcat-embed-core-9.0.83.jar:9.0.83]
	at org.apache.catalina.connector.CoyoteAdapter.service(CoyoteAdapter.java:342) ~[tomcat-embed-core-9.0.83.jar:9.0.83]
	at org.apache.coyote.http11.Http11Processor.service(Http11Processor.java:390) ~[tomcat-embed-core-9.0.83.jar:9.0.83]
	at org.apache.coyote.AbstractProcessorLight.process(AbstractProcessorLight.java:63) ~[tomcat-embed-core-9.0.83.jar:9.0.83]
	at org.apache.coyote.AbstractProtocol$ConnectionHandler.process(AbstractProtocol.java:928) ~[tomcat-embed-core-9.0.83.jar:9.0.83]
	at org.apache.tomcat.util.net.NioEndpoint$SocketProcessor.doRun(NioEndpoint.java:1794) ~[tomcat-embed-core-9.0.83.jar:9.0.83]
	at org.apache.tomcat.util.net.SocketProcessorBase.run(SocketProcessorBase.java:52) ~[tomcat-embed-core-9.0.83.jar:9.0.83]
	at org.apache.tomcat.util.threads.ThreadPoolExecutor.runWorker(ThreadPoolExecutor.java:1191) ~[tomcat-embed-core-9.0.83.jar:9.0.83]
	at org.apache.tomcat.util.threads.ThreadPoolExecutor$Worker.run(ThreadPoolExecutor.java:659) ~[tomcat-embed-core-9.0.83.jar:9.0.83]
	at org.apache.tomcat.util.threads.TaskThread$WrappingRunnable.run(TaskThread.java:61) ~[tomcat-embed-core-9.0.83.jar:9.0.83]
	at java.base/java.lang.Thread.run(Thread.java:833) ~[na:na]

2025-08-18 15:17:46.371 ERROR 11712 --- [http-nio-8080-exec-2] c.p.a.exception.GlobalExceptionHandler   : Exception£ºRequest method 'POST' not supported

org.springframework.web.HttpRequestMethodNotSupportedException: Request method 'POST' not supported
	at org.springframework.web.servlet.mvc.method.RequestMappingInfoHandlerMapping.handleNoMatch(RequestMappingInfoHandlerMapping.java:260) ~[spring-webmvc-5.3.31.jar:5.3.31]
	at org.springframework.web.servlet.handler.AbstractHandlerMethodMapping.lookupHandlerMethod(AbstractHandlerMethodMapping.java:442) ~[spring-webmvc-5.3.31.jar:5.3.31]
	at org.springframework.web.servlet.handler.AbstractHandlerMethodMapping.getHandlerInternal(AbstractHandlerMethodMapping.java:383) ~[spring-webmvc-5.3.31.jar:5.3.31]
	at org.springframework.web.servlet.mvc.method.RequestMappingInfoHandlerMapping.getHandlerInternal(RequestMappingInfoHandlerMapping.java:125) ~[spring-webmvc-5.3.31.jar:5.3.31]
	at org.springframework.web.servlet.mvc.method.RequestMappingInfoHandlerMapping.getHandlerInternal(RequestMappingInfoHandlerMapping.java:67) ~[spring-webmvc-5.3.31.jar:5.3.31]
	at org.springframework.web.servlet.handler.AbstractHandlerMapping.getHandler(AbstractHandlerMapping.java:498) ~[spring-webmvc-5.3.31.jar:5.3.31]
	at org.springframework.web.servlet.DispatcherServlet.getHandler(DispatcherServlet.java:1266) ~[spring-webmvc-5.3.31.jar:5.3.31]
	at org.springframework.web.servlet.DispatcherServlet.doDispatch(DispatcherServlet.java:1048) ~[spring-webmvc-5.3.31.jar:5.3.31]
	at org.springframework.web.servlet.DispatcherServlet.doService(DispatcherServlet.java:965) ~[spring-webmvc-5.3.31.jar:5.3.31]
	at org.springframework.web.servlet.FrameworkServlet.processRequest(FrameworkServlet.java:1006) ~[spring-webmvc-5.3.31.jar:5.3.31]
	at org.springframework.web.servlet.FrameworkServlet.doPost(FrameworkServlet.java:909) ~[spring-webmvc-5.3.31.jar:5.3.31]
	at javax.servlet.http.HttpServlet.service(HttpServlet.java:555) ~[tomcat-embed-core-9.0.83.jar:4.0.FR]
	at org.springframework.web.servlet.FrameworkServlet.service(FrameworkServlet.java:883) ~[spring-webmvc-5.3.31.jar:5.3.31]
	at javax.servlet.http.HttpServlet.service(HttpServlet.java:623) ~[tomcat-embed-core-9.0.83.jar:4.0.FR]
	at org.apache.catalina.core.ApplicationFilterChain.internalDoFilter(ApplicationFilterChain.java:209) ~[tomcat-embed-core-9.0.83.jar:9.0.83]
	at org.apache.catalina.core.ApplicationFilterChain.doFilter(ApplicationFilterChain.java:153) ~[tomcat-embed-core-9.0.83.jar:9.0.83]
	at org.apache.tomcat.websocket.server.WsFilter.doFilter(WsFilter.java:51) ~[tomcat-embed-websocket-9.0.83.jar:9.0.83]
	at org.apache.catalina.core.ApplicationFilterChain.internalDoFilter(ApplicationFilterChain.java:178) ~[tomcat-embed-core-9.0.83.jar:9.0.83]
	at org.apache.catalina.core.ApplicationFilterChain.doFilter(ApplicationFilterChain.java:153) ~[tomcat-embed-core-9.0.83.jar:9.0.83]
	at org.springframework.web.filter.OncePerRequestFilter.doFilter(OncePerRequestFilter.java:111) ~[spring-web-5.3.31.jar:5.3.31]
	at org.apache.catalina.core.ApplicationFilterChain.internalDoFilter(ApplicationFilterChain.java:178) ~[tomcat-embed-core-9.0.83.jar:9.0.83]
	at org.apache.catalina.core.ApplicationFilterChain.doFilter(ApplicationFilterChain.java:153) ~[tomcat-embed-core-9.0.83.jar:9.0.83]
	at org.springframework.security.web.FilterChainProxy$VirtualFilterChain.doFilter(FilterChainProxy.java:337) ~[spring-security-web-5.7.11.jar:5.7.11]
	at org.springframework.security.web.access.intercept.AuthorizationFilter.doFilter(AuthorizationFilter.java:96) ~[spring-security-web-5.7.11.jar:5.7.11]
	at org.springframework.security.web.FilterChainProxy$VirtualFilterChain.doFilter(FilterChainProxy.java:346) ~[spring-security-web-5.7.11.jar:5.7.11]
	at org.springframework.security.web.access.ExceptionTranslationFilter.doFilter(ExceptionTranslationFilter.java:122) ~[spring-security-web-5.7.11.jar:5.7.11]
	at org.springframework.security.web.access.ExceptionTranslationFilter.doFilter(ExceptionTranslationFilter.java:116) ~[spring-security-web-5.7.11.jar:5.7.11]
	at org.springframework.security.web.FilterChainProxy$VirtualFilterChain.doFilter(FilterChainProxy.java:346) ~[spring-security-web-5.7.11.jar:5.7.11]
	at org.springframework.security.web.session.SessionManagementFilter.doFilter(SessionManagementFilter.java:126) ~[spring-security-web-5.7.11.jar:5.7.11]
	at org.springframework.security.web.session.SessionManagementFilter.doFilter(SessionManagementFilter.java:81) ~[spring-security-web-5.7.11.jar:5.7.11]
	at org.springframework.security.web.FilterChainProxy$VirtualFilterChain.doFilter(FilterChainProxy.java:346) ~[spring-security-web-5.7.11.jar:5.7.11]
	at org.springframework.security.web.authentication.AnonymousAuthenticationFilter.doFilter(AnonymousAuthenticationFilter.java:109) ~[spring-security-web-5.7.11.jar:5.7.11]
	at org.springframework.security.web.FilterChainProxy$VirtualFilterChain.doFilter(FilterChainProxy.java:346) ~[spring-security-web-5.7.11.jar:5.7.11]
	at org.springframework.security.web.servletapi.SecurityContextHolderAwareRequestFilter.doFilter(SecurityContextHolderAwareRequestFilter.java:149) ~[spring-security-web-5.7.11.jar:5.7.11]
	at org.springframework.security.web.FilterChainProxy$VirtualFilterChain.doFilter(FilterChainProxy.java:346) ~[spring-security-web-5.7.11.jar:5.7.11]
	at org.springframework.security.web.savedrequest.RequestCacheAwareFilter.doFilter(RequestCacheAwareFilter.java:63) ~[spring-security-web-5.7.11.jar:5.7.11]
	at org.springframework.security.web.FilterChainProxy$VirtualFilterChain.doFilter(FilterChainProxy.java:346) ~[spring-security-web-5.7.11.jar:5.7.11]
	at com.postion.airlineorderbackend.config.JwtAuthFilter.doFilterInternal(JwtAuthFilter.java:64) ~[classes/:na]
	at org.springframework.web.filter.OncePerRequestFilter.doFilter(OncePerRequestFilter.java:117) ~[spring-web-5.3.31.jar:5.3.31]
	at org.springframework.security.web.FilterChainProxy$VirtualFilterChain.doFilter(FilterChainProxy.java:346) ~[spring-security-web-5.7.11.jar:5.7.11]
	at org.springframework.security.web.authentication.logout.LogoutFilter.doFilter(LogoutFilter.java:103) ~[spring-security-web-5.7.11.jar:5.7.11]
	at org.springframework.security.web.authentication.logout.LogoutFilter.doFilter(LogoutFilter.java:89) ~[spring-security-web-5.7.11.jar:5.7.11]
	at org.springframework.security.web.FilterChainProxy$VirtualFilterChain.doFilter(FilterChainProxy.java:346) ~[spring-security-web-5.7.11.jar:5.7.11]
	at org.springframework.security.web.header.HeaderWriterFilter.doHeadersAfter(HeaderWriterFilter.java:90) ~[spring-security-web-5.7.11.jar:5.7.11]
	at org.springframework.security.web.header.HeaderWriterFilter.doFilterInternal(HeaderWriterFilter.java:75) ~[spring-security-web-5.7.11.jar:5.7.11]
	at org.springframework.web.filter.OncePerRequestFilter.doFilter(OncePerRequestFilter.java:117) ~[spring-web-5.3.31.jar:5.3.31]
	at org.springframework.security.web.FilterChainProxy$VirtualFilterChain.doFilter(FilterChainProxy.java:346) ~[spring-security-web-5.7.11.jar:5.7.11]
	at org.springframework.security.web.context.SecurityContextPersistenceFilter.doFilter(SecurityContextPersistenceFilter.java:112) ~[spring-security-web-5.7.11.jar:5.7.11]
	at org.springframework.security.web.context.SecurityContextPersistenceFilter.doFilter(SecurityContextPersistenceFilter.java:82) ~[spring-security-web-5.7.11.jar:5.7.11]
	at org.springframework.security.web.FilterChainProxy$VirtualFilterChain.doFilter(FilterChainProxy.java:346) ~[spring-security-web-5.7.11.jar:5.7.11]
	at org.springframework.security.web.context.request.async.WebAsyncManagerIntegrationFilter.doFilterInternal(WebAsyncManagerIntegrationFilter.java:55) ~[spring-security-web-5.7.11.jar:5.7.11]
	at org.springframework.web.filter.OncePerRequestFilter.doFilter(OncePerRequestFilter.java:117) ~[spring-web-5.3.31.jar:5.3.31]
	at org.springframework.security.web.FilterChainProxy$VirtualFilterChain.doFilter(FilterChainProxy.java:346) ~[spring-security-web-5.7.11.jar:5.7.11]
	at org.springframework.security.web.session.DisableEncodeUrlFilter.doFilterInternal(DisableEncodeUrlFilter.java:42) ~[spring-security-web-5.7.11.jar:5.7.11]
	at org.springframework.web.filter.OncePerRequestFilter.doFilter(OncePerRequestFilter.java:117) ~[spring-web-5.3.31.jar:5.3.31]
	at org.springframework.security.web.FilterChainProxy$VirtualFilterChain.doFilter(FilterChainProxy.java:346) ~[spring-security-web-5.7.11.jar:5.7.11]
	at org.springframework.security.web.FilterChainProxy.doFilterInternal(FilterChainProxy.java:221) ~[spring-security-web-5.7.11.jar:5.7.11]
	at org.springframework.security.web.FilterChainProxy.doFilter(FilterChainProxy.java:186) ~[spring-security-web-5.7.11.jar:5.7.11]
	at org.springframework.web.filter.DelegatingFilterProxy.invokeDelegate(DelegatingFilterProxy.java:354) ~[spring-web-5.3.31.jar:5.3.31]
	at org.springframework.web.filter.DelegatingFilterProxy.doFilter(DelegatingFilterProxy.java:267) ~[spring-web-5.3.31.jar:5.3.31]
	at org.apache.catalina.core.ApplicationFilterChain.internalDoFilter(ApplicationFilterChain.java:178) ~[tomcat-embed-core-9.0.83.jar:9.0.83]
	at org.apache.catalina.core.ApplicationFilterChain.doFilter(ApplicationFilterChain.java:153) ~[tomcat-embed-core-9.0.83.jar:9.0.83]
	at org.springframework.web.filter.RequestContextFilter.doFilterInternal(RequestContextFilter.java:100) ~[spring-web-5.3.31.jar:5.3.31]
	at org.springframework.web.filter.OncePerRequestFilter.doFilter(OncePerRequestFilter.java:117) ~[spring-web-5.3.31.jar:5.3.31]
	at org.apache.catalina.core.ApplicationFilterChain.internalDoFilter(ApplicationFilterChain.java:178) ~[tomcat-embed-core-9.0.83.jar:9.0.83]
	at org.apache.catalina.core.ApplicationFilterChain.doFilter(ApplicationFilterChain.java:153) ~[tomcat-embed-core-9.0.83.jar:9.0.83]
	at org.springframework.web.filter.FormContentFilter.doFilterInternal(FormContentFilter.java:93) ~[spring-web-5.3.31.jar:5.3.31]
	at org.springframework.web.filter.OncePerRequestFilter.doFilter(OncePerRequestFilter.java:117) ~[spring-web-5.3.31.jar:5.3.31]
	at org.apache.catalina.core.ApplicationFilterChain.internalDoFilter(ApplicationFilterChain.java:178) ~[tomcat-embed-core-9.0.83.jar:9.0.83]
	at org.apache.catalina.core.ApplicationFilterChain.doFilter(ApplicationFilterChain.java:153) ~[tomcat-embed-core-9.0.83.jar:9.0.83]
	at org.springframework.web.filter.CharacterEncodingFilter.doFilterInternal(CharacterEncodingFilter.java:201) ~[spring-web-5.3.31.jar:5.3.31]
	at org.springframework.web.filter.OncePerRequestFilter.doFilter(OncePerRequestFilter.java:117) ~[spring-web-5.3.31.jar:5.3.31]
	at org.apache.catalina.core.ApplicationFilterChain.internalDoFilter(ApplicationFilterChain.java:178) ~[tomcat-embed-core-9.0.83.jar:9.0.83]
	at org.apache.catalina.core.ApplicationFilterChain.doFilter(ApplicationFilterChain.java:153) ~[tomcat-embed-core-9.0.83.jar:9.0.83]
	at org.apache.catalina.core.StandardWrapperValve.invoke(StandardWrapperValve.java:168) ~[tomcat-embed-core-9.0.83.jar:9.0.83]
	at org.apache.catalina.core.StandardContextValve.invoke(StandardContextValve.java:90) ~[tomcat-embed-core-9.0.83.jar:9.0.83]
	at org.apache.catalina.authenticator.AuthenticatorBase.invoke(AuthenticatorBase.java:481) ~[tomcat-embed-core-9.0.83.jar:9.0.83]
	at org.apache.catalina.core.StandardHostValve.invoke(StandardHostValve.java:130) ~[tomcat-embed-core-9.0.83.jar:9.0.83]
	at org.apache.catalina.valves.ErrorReportValve.invoke(ErrorReportValve.java:93) ~[tomcat-embed-core-9.0.83.jar:9.0.83]
	at org.apache.catalina.core.StandardEngineValve.invoke(StandardEngineValve.java:74) ~[tomcat-embed-core-9.0.83.jar:9.0.83]
	at org.apache.catalina.connector.CoyoteAdapter.service(CoyoteAdapter.java:342) ~[tomcat-embed-core-9.0.83.jar:9.0.83]
	at org.apache.coyote.http11.Http11Processor.service(Http11Processor.java:390) ~[tomcat-embed-core-9.0.83.jar:9.0.83]
	at org.apache.coyote.AbstractProcessorLight.process(AbstractProcessorLight.java:63) ~[tomcat-embed-core-9.0.83.jar:9.0.83]
	at org.apache.coyote.AbstractProtocol$ConnectionHandler.process(AbstractProtocol.java:928) ~[tomcat-embed-core-9.0.83.jar:9.0.83]
	at org.apache.tomcat.util.net.NioEndpoint$SocketProcessor.doRun(NioEndpoint.java:1794) ~[tomcat-embed-core-9.0.83.jar:9.0.83]
	at org.apache.tomcat.util.net.SocketProcessorBase.run(SocketProcessorBase.java:52) ~[tomcat-embed-core-9.0.83.jar:9.0.83]
	at org.apache.tomcat.util.threads.ThreadPoolExecutor.runWorker(ThreadPoolExecutor.java:1191) ~[tomcat-embed-core-9.0.83.jar:9.0.83]
	at org.apache.tomcat.util.threads.ThreadPoolExecutor$Worker.run(ThreadPoolExecutor.java:659) ~[tomcat-embed-core-9.0.83.jar:9.0.83]
	at org.apache.tomcat.util.threads.TaskThread$WrappingRunnable.run(TaskThread.java:61) ~[tomcat-embed-core-9.0.83.jar:9.0.83]
	at java.base/java.lang.Thread.run(Thread.java:833) ~[na:na]

2025-08-18 15:18:02.311  INFO 11712 --- [scheduling-1] c.p.a.service.impl.OrderServiceImpl      : ¡¾Scheduled Task¡¿Start cancelUnpaidOrders().
2025-08-18 15:18:02.324  INFO 11712 --- [scheduling-1] c.p.a.service.impl.OrderServiceImpl      : ¡¾Scheduled Task¡¿End cancelUnpaidOrders(). No upaidOrders. Time:2025-08-18T15:18:02.324585300
2025-08-18 15:18:07.342 ERROR 11712 --- [http-nio-8080-exec-6] c.p.a.exception.GlobalExceptionHandler   : Exception£ºRequest method 'POST' not supported

org.springframework.web.HttpRequestMethodNotSupportedException: Request method 'POST' not supported
	at org.springframework.web.servlet.mvc.method.RequestMappingInfoHandlerMapping.handleNoMatch(RequestMappingInfoHandlerMapping.java:260) ~[spring-webmvc-5.3.31.jar:5.3.31]
	at org.springframework.web.servlet.handler.AbstractHandlerMethodMapping.lookupHandlerMethod(AbstractHandlerMethodMapping.java:442) ~[spring-webmvc-5.3.31.jar:5.3.31]
	at org.springframework.web.servlet.handler.AbstractHandlerMethodMapping.getHandlerInternal(AbstractHandlerMethodMapping.java:383) ~[spring-webmvc-5.3.31.jar:5.3.31]
	at org.springframework.web.servlet.mvc.method.RequestMappingInfoHandlerMapping.getHandlerInternal(RequestMappingInfoHandlerMapping.java:125) ~[spring-webmvc-5.3.31.jar:5.3.31]
	at org.springframework.web.servlet.mvc.method.RequestMappingInfoHandlerMapping.getHandlerInternal(RequestMappingInfoHandlerMapping.java:67) ~[spring-webmvc-5.3.31.jar:5.3.31]
	at org.springframework.web.servlet.handler.AbstractHandlerMapping.getHandler(AbstractHandlerMapping.java:498) ~[spring-webmvc-5.3.31.jar:5.3.31]
	at org.springframework.web.servlet.DispatcherServlet.getHandler(DispatcherServlet.java:1266) ~[spring-webmvc-5.3.31.jar:5.3.31]
	at org.springframework.web.servlet.DispatcherServlet.doDispatch(DispatcherServlet.java:1048) ~[spring-webmvc-5.3.31.jar:5.3.31]
	at org.springframework.web.servlet.DispatcherServlet.doService(DispatcherServlet.java:965) ~[spring-webmvc-5.3.31.jar:5.3.31]
	at org.springframework.web.servlet.FrameworkServlet.processRequest(FrameworkServlet.java:1006) ~[spring-webmvc-5.3.31.jar:5.3.31]
	at org.springframework.web.servlet.FrameworkServlet.doPost(FrameworkServlet.java:909) ~[spring-webmvc-5.3.31.jar:5.3.31]
	at javax.servlet.http.HttpServlet.service(HttpServlet.java:555) ~[tomcat-embed-core-9.0.83.jar:4.0.FR]
	at org.springframework.web.servlet.FrameworkServlet.service(FrameworkServlet.java:883) ~[spring-webmvc-5.3.31.jar:5.3.31]
	at javax.servlet.http.HttpServlet.service(HttpServlet.java:623) ~[tomcat-embed-core-9.0.83.jar:4.0.FR]
	at org.apache.catalina.core.ApplicationFilterChain.internalDoFilter(ApplicationFilterChain.java:209) ~[tomcat-embed-core-9.0.83.jar:9.0.83]
	at org.apache.catalina.core.ApplicationFilterChain.doFilter(ApplicationFilterChain.java:153) ~[tomcat-embed-core-9.0.83.jar:9.0.83]
	at org.apache.tomcat.websocket.server.WsFilter.doFilter(WsFilter.java:51) ~[tomcat-embed-websocket-9.0.83.jar:9.0.83]
	at org.apache.catalina.core.ApplicationFilterChain.internalDoFilter(ApplicationFilterChain.java:178) ~[tomcat-embed-core-9.0.83.jar:9.0.83]
	at org.apache.catalina.core.ApplicationFilterChain.doFilter(ApplicationFilterChain.java:153) ~[tomcat-embed-core-9.0.83.jar:9.0.83]
	at org.springframework.web.filter.OncePerRequestFilter.doFilter(OncePerRequestFilter.java:111) ~[spring-web-5.3.31.jar:5.3.31]
	at org.apache.catalina.core.ApplicationFilterChain.internalDoFilter(ApplicationFilterChain.java:178) ~[tomcat-embed-core-9.0.83.jar:9.0.83]
	at org.apache.catalina.core.ApplicationFilterChain.doFilter(ApplicationFilterChain.java:153) ~[tomcat-embed-core-9.0.83.jar:9.0.83]
	at org.springframework.security.web.FilterChainProxy$VirtualFilterChain.doFilter(FilterChainProxy.java:337) ~[spring-security-web-5.7.11.jar:5.7.11]
	at org.springframework.security.web.access.intercept.AuthorizationFilter.doFilter(AuthorizationFilter.java:96) ~[spring-security-web-5.7.11.jar:5.7.11]
	at org.springframework.security.web.FilterChainProxy$VirtualFilterChain.doFilter(FilterChainProxy.java:346) ~[spring-security-web-5.7.11.jar:5.7.11]
	at org.springframework.security.web.access.ExceptionTranslationFilter.doFilter(ExceptionTranslationFilter.java:122) ~[spring-security-web-5.7.11.jar:5.7.11]
	at org.springframework.security.web.access.ExceptionTranslationFilter.doFilter(ExceptionTranslationFilter.java:116) ~[spring-security-web-5.7.11.jar:5.7.11]
	at org.springframework.security.web.FilterChainProxy$VirtualFilterChain.doFilter(FilterChainProxy.java:346) ~[spring-security-web-5.7.11.jar:5.7.11]
	at org.springframework.security.web.session.SessionManagementFilter.doFilter(SessionManagementFilter.java:126) ~[spring-security-web-5.7.11.jar:5.7.11]
	at org.springframework.security.web.session.SessionManagementFilter.doFilter(SessionManagementFilter.java:81) ~[spring-security-web-5.7.11.jar:5.7.11]
	at org.springframework.security.web.FilterChainProxy$VirtualFilterChain.doFilter(FilterChainProxy.java:346) ~[spring-security-web-5.7.11.jar:5.7.11]
	at org.springframework.security.web.authentication.AnonymousAuthenticationFilter.doFilter(AnonymousAuthenticationFilter.java:109) ~[spring-security-web-5.7.11.jar:5.7.11]
	at org.springframework.security.web.FilterChainProxy$VirtualFilterChain.doFilter(FilterChainProxy.java:346) ~[spring-security-web-5.7.11.jar:5.7.11]
	at org.springframework.security.web.servletapi.SecurityContextHolderAwareRequestFilter.doFilter(SecurityContextHolderAwareRequestFilter.java:149) ~[spring-security-web-5.7.11.jar:5.7.11]
	at org.springframework.security.web.FilterChainProxy$VirtualFilterChain.doFilter(FilterChainProxy.java:346) ~[spring-security-web-5.7.11.jar:5.7.11]
	at org.springframework.security.web.savedrequest.RequestCacheAwareFilter.doFilter(RequestCacheAwareFilter.java:63) ~[spring-security-web-5.7.11.jar:5.7.11]
	at org.springframework.security.web.FilterChainProxy$VirtualFilterChain.doFilter(FilterChainProxy.java:346) ~[spring-security-web-5.7.11.jar:5.7.11]
	at com.postion.airlineorderbackend.config.JwtAuthFilter.doFilterInternal(JwtAuthFilter.java:64) ~[classes/:na]
	at org.springframework.web.filter.OncePerRequestFilter.doFilter(OncePerRequestFilter.java:117) ~[spring-web-5.3.31.jar:5.3.31]
	at org.springframework.security.web.FilterChainProxy$VirtualFilterChain.doFilter(FilterChainProxy.java:346) ~[spring-security-web-5.7.11.jar:5.7.11]
	at org.springframework.security.web.authentication.logout.LogoutFilter.doFilter(LogoutFilter.java:103) ~[spring-security-web-5.7.11.jar:5.7.11]
	at org.springframework.security.web.authentication.logout.LogoutFilter.doFilter(LogoutFilter.java:89) ~[spring-security-web-5.7.11.jar:5.7.11]
	at org.springframework.security.web.FilterChainProxy$VirtualFilterChain.doFilter(FilterChainProxy.java:346) ~[spring-security-web-5.7.11.jar:5.7.11]
	at org.springframework.security.web.header.HeaderWriterFilter.doHeadersAfter(HeaderWriterFilter.java:90) ~[spring-security-web-5.7.11.jar:5.7.11]
	at org.springframework.security.web.header.HeaderWriterFilter.doFilterInternal(HeaderWriterFilter.java:75) ~[spring-security-web-5.7.11.jar:5.7.11]
	at org.springframework.web.filter.OncePerRequestFilter.doFilter(OncePerRequestFilter.java:117) ~[spring-web-5.3.31.jar:5.3.31]
	at org.springframework.security.web.FilterChainProxy$VirtualFilterChain.doFilter(FilterChainProxy.java:346) ~[spring-security-web-5.7.11.jar:5.7.11]
	at org.springframework.security.web.context.SecurityContextPersistenceFilter.doFilter(SecurityContextPersistenceFilter.java:112) ~[spring-security-web-5.7.11.jar:5.7.11]
	at org.springframework.security.web.context.SecurityContextPersistenceFilter.doFilter(SecurityContextPersistenceFilter.java:82) ~[spring-security-web-5.7.11.jar:5.7.11]
	at org.springframework.security.web.FilterChainProxy$VirtualFilterChain.doFilter(FilterChainProxy.java:346) ~[spring-security-web-5.7.11.jar:5.7.11]
	at org.springframework.security.web.context.request.async.WebAsyncManagerIntegrationFilter.doFilterInternal(WebAsyncManagerIntegrationFilter.java:55) ~[spring-security-web-5.7.11.jar:5.7.11]
	at org.springframework.web.filter.OncePerRequestFilter.doFilter(OncePerRequestFilter.java:117) ~[spring-web-5.3.31.jar:5.3.31]
	at org.springframework.security.web.FilterChainProxy$VirtualFilterChain.doFilter(FilterChainProxy.java:346) ~[spring-security-web-5.7.11.jar:5.7.11]
	at org.springframework.security.web.session.DisableEncodeUrlFilter.doFilterInternal(DisableEncodeUrlFilter.java:42) ~[spring-security-web-5.7.11.jar:5.7.11]
	at org.springframework.web.filter.OncePerRequestFilter.doFilter(OncePerRequestFilter.java:117) ~[spring-web-5.3.31.jar:5.3.31]
	at org.springframework.security.web.FilterChainProxy$VirtualFilterChain.doFilter(FilterChainProxy.java:346) ~[spring-security-web-5.7.11.jar:5.7.11]
	at org.springframework.security.web.FilterChainProxy.doFilterInternal(FilterChainProxy.java:221) ~[spring-security-web-5.7.11.jar:5.7.11]
	at org.springframework.security.web.FilterChainProxy.doFilter(FilterChainProxy.java:186) ~[spring-security-web-5.7.11.jar:5.7.11]
	at org.springframework.web.filter.DelegatingFilterProxy.invokeDelegate(DelegatingFilterProxy.java:354) ~[spring-web-5.3.31.jar:5.3.31]
	at org.springframework.web.filter.DelegatingFilterProxy.doFilter(DelegatingFilterProxy.java:267) ~[spring-web-5.3.31.jar:5.3.31]
	at org.apache.catalina.core.ApplicationFilterChain.internalDoFilter(ApplicationFilterChain.java:178) ~[tomcat-embed-core-9.0.83.jar:9.0.83]
	at org.apache.catalina.core.ApplicationFilterChain.doFilter(ApplicationFilterChain.java:153) ~[tomcat-embed-core-9.0.83.jar:9.0.83]
	at org.springframework.web.filter.RequestContextFilter.doFilterInternal(RequestContextFilter.java:100) ~[spring-web-5.3.31.jar:5.3.31]
	at org.springframework.web.filter.OncePerRequestFilter.doFilter(OncePerRequestFilter.java:117) ~[spring-web-5.3.31.jar:5.3.31]
	at org.apache.catalina.core.ApplicationFilterChain.internalDoFilter(ApplicationFilterChain.java:178) ~[tomcat-embed-core-9.0.83.jar:9.0.83]
	at org.apache.catalina.core.ApplicationFilterChain.doFilter(ApplicationFilterChain.java:153) ~[tomcat-embed-core-9.0.83.jar:9.0.83]
	at org.springframework.web.filter.FormContentFilter.doFilterInternal(FormContentFilter.java:93) ~[spring-web-5.3.31.jar:5.3.31]
	at org.springframework.web.filter.OncePerRequestFilter.doFilter(OncePerRequestFilter.java:117) ~[spring-web-5.3.31.jar:5.3.31]
	at org.apache.catalina.core.ApplicationFilterChain.internalDoFilter(ApplicationFilterChain.java:178) ~[tomcat-embed-core-9.0.83.jar:9.0.83]
	at org.apache.catalina.core.ApplicationFilterChain.doFilter(ApplicationFilterChain.java:153) ~[tomcat-embed-core-9.0.83.jar:9.0.83]
	at org.springframework.web.filter.CharacterEncodingFilter.doFilterInternal(CharacterEncodingFilter.java:201) ~[spring-web-5.3.31.jar:5.3.31]
	at org.springframework.web.filter.OncePerRequestFilter.doFilter(OncePerRequestFilter.java:117) ~[spring-web-5.3.31.jar:5.3.31]
	at org.apache.catalina.core.ApplicationFilterChain.internalDoFilter(ApplicationFilterChain.java:178) ~[tomcat-embed-core-9.0.83.jar:9.0.83]
	at org.apache.catalina.core.ApplicationFilterChain.doFilter(ApplicationFilterChain.java:153) ~[tomcat-embed-core-9.0.83.jar:9.0.83]
	at org.apache.catalina.core.StandardWrapperValve.invoke(StandardWrapperValve.java:168) ~[tomcat-embed-core-9.0.83.jar:9.0.83]
	at org.apache.catalina.core.StandardContextValve.invoke(StandardContextValve.java:90) ~[tomcat-embed-core-9.0.83.jar:9.0.83]
	at org.apache.catalina.authenticator.AuthenticatorBase.invoke(AuthenticatorBase.java:481) ~[tomcat-embed-core-9.0.83.jar:9.0.83]
	at org.apache.catalina.core.StandardHostValve.invoke(StandardHostValve.java:130) ~[tomcat-embed-core-9.0.83.jar:9.0.83]
	at org.apache.catalina.valves.ErrorReportValve.invoke(ErrorReportValve.java:93) ~[tomcat-embed-core-9.0.83.jar:9.0.83]
	at org.apache.catalina.core.StandardEngineValve.invoke(StandardEngineValve.java:74) ~[tomcat-embed-core-9.0.83.jar:9.0.83]
	at org.apache.catalina.connector.CoyoteAdapter.service(CoyoteAdapter.java:342) ~[tomcat-embed-core-9.0.83.jar:9.0.83]
	at org.apache.coyote.http11.Http11Processor.service(Http11Processor.java:390) ~[tomcat-embed-core-9.0.83.jar:9.0.83]
	at org.apache.coyote.AbstractProcessorLight.process(AbstractProcessorLight.java:63) ~[tomcat-embed-core-9.0.83.jar:9.0.83]
	at org.apache.coyote.AbstractProtocol$ConnectionHandler.process(AbstractProtocol.java:928) ~[tomcat-embed-core-9.0.83.jar:9.0.83]
	at org.apache.tomcat.util.net.NioEndpoint$SocketProcessor.doRun(NioEndpoint.java:1794) ~[tomcat-embed-core-9.0.83.jar:9.0.83]
	at org.apache.tomcat.util.net.SocketProcessorBase.run(SocketProcessorBase.java:52) ~[tomcat-embed-core-9.0.83.jar:9.0.83]
	at org.apache.tomcat.util.threads.ThreadPoolExecutor.runWorker(ThreadPoolExecutor.java:1191) ~[tomcat-embed-core-9.0.83.jar:9.0.83]
	at org.apache.tomcat.util.threads.ThreadPoolExecutor$Worker.run(ThreadPoolExecutor.java:659) ~[tomcat-embed-core-9.0.83.jar:9.0.83]
	at org.apache.tomcat.util.threads.TaskThread$WrappingRunnable.run(TaskThread.java:61) ~[tomcat-embed-core-9.0.83.jar:9.0.83]
	at java.base/java.lang.Thread.run(Thread.java:833) ~[na:na]

2025-08-18 15:18:07.342 ERROR 11712 --- [http-nio-8080-exec-7] c.p.a.exception.GlobalExceptionHandler   : Exception£ºRequest method 'POST' not supported

org.springframework.web.HttpRequestMethodNotSupportedException: Request method 'POST' not supported
	at org.springframework.web.servlet.mvc.method.RequestMappingInfoHandlerMapping.handleNoMatch(RequestMappingInfoHandlerMapping.java:260) ~[spring-webmvc-5.3.31.jar:5.3.31]
	at org.springframework.web.servlet.handler.AbstractHandlerMethodMapping.lookupHandlerMethod(AbstractHandlerMethodMapping.java:442) ~[spring-webmvc-5.3.31.jar:5.3.31]
	at org.springframework.web.servlet.handler.AbstractHandlerMethodMapping.getHandlerInternal(AbstractHandlerMethodMapping.java:383) ~[spring-webmvc-5.3.31.jar:5.3.31]
	at org.springframework.web.servlet.mvc.method.RequestMappingInfoHandlerMapping.getHandlerInternal(RequestMappingInfoHandlerMapping.java:125) ~[spring-webmvc-5.3.31.jar:5.3.31]
	at org.springframework.web.servlet.mvc.method.RequestMappingInfoHandlerMapping.getHandlerInternal(RequestMappingInfoHandlerMapping.java:67) ~[spring-webmvc-5.3.31.jar:5.3.31]
	at org.springframework.web.servlet.handler.AbstractHandlerMapping.getHandler(AbstractHandlerMapping.java:498) ~[spring-webmvc-5.3.31.jar:5.3.31]
	at org.springframework.web.servlet.DispatcherServlet.getHandler(DispatcherServlet.java:1266) ~[spring-webmvc-5.3.31.jar:5.3.31]
	at org.springframework.web.servlet.DispatcherServlet.doDispatch(DispatcherServlet.java:1048) ~[spring-webmvc-5.3.31.jar:5.3.31]
	at org.springframework.web.servlet.DispatcherServlet.doService(DispatcherServlet.java:965) ~[spring-webmvc-5.3.31.jar:5.3.31]
	at org.springframework.web.servlet.FrameworkServlet.processRequest(FrameworkServlet.java:1006) ~[spring-webmvc-5.3.31.jar:5.3.31]
	at org.springframework.web.servlet.FrameworkServlet.doPost(FrameworkServlet.java:909) ~[spring-webmvc-5.3.31.jar:5.3.31]
	at javax.servlet.http.HttpServlet.service(HttpServlet.java:555) ~[tomcat-embed-core-9.0.83.jar:4.0.FR]
	at org.springframework.web.servlet.FrameworkServlet.service(FrameworkServlet.java:883) ~[spring-webmvc-5.3.31.jar:5.3.31]
	at javax.servlet.http.HttpServlet.service(HttpServlet.java:623) ~[tomcat-embed-core-9.0.83.jar:4.0.FR]
	at org.apache.catalina.core.ApplicationFilterChain.internalDoFilter(ApplicationFilterChain.java:209) ~[tomcat-embed-core-9.0.83.jar:9.0.83]
	at org.apache.catalina.core.ApplicationFilterChain.doFilter(ApplicationFilterChain.java:153) ~[tomcat-embed-core-9.0.83.jar:9.0.83]
	at org.apache.tomcat.websocket.server.WsFilter.doFilter(WsFilter.java:51) ~[tomcat-embed-websocket-9.0.83.jar:9.0.83]
	at org.apache.catalina.core.ApplicationFilterChain.internalDoFilter(ApplicationFilterChain.java:178) ~[tomcat-embed-core-9.0.83.jar:9.0.83]
	at org.apache.catalina.core.ApplicationFilterChain.doFilter(ApplicationFilterChain.java:153) ~[tomcat-embed-core-9.0.83.jar:9.0.83]
	at org.springframework.web.filter.OncePerRequestFilter.doFilter(OncePerRequestFilter.java:111) ~[spring-web-5.3.31.jar:5.3.31]
	at org.apache.catalina.core.ApplicationFilterChain.internalDoFilter(ApplicationFilterChain.java:178) ~[tomcat-embed-core-9.0.83.jar:9.0.83]
	at org.apache.catalina.core.ApplicationFilterChain.doFilter(ApplicationFilterChain.java:153) ~[tomcat-embed-core-9.0.83.jar:9.0.83]
	at org.springframework.security.web.FilterChainProxy$VirtualFilterChain.doFilter(FilterChainProxy.java:337) ~[spring-security-web-5.7.11.jar:5.7.11]
	at org.springframework.security.web.access.intercept.AuthorizationFilter.doFilter(AuthorizationFilter.java:96) ~[spring-security-web-5.7.11.jar:5.7.11]
	at org.springframework.security.web.FilterChainProxy$VirtualFilterChain.doFilter(FilterChainProxy.java:346) ~[spring-security-web-5.7.11.jar:5.7.11]
	at org.springframework.security.web.access.ExceptionTranslationFilter.doFilter(ExceptionTranslationFilter.java:122) ~[spring-security-web-5.7.11.jar:5.7.11]
	at org.springframework.security.web.access.ExceptionTranslationFilter.doFilter(ExceptionTranslationFilter.java:116) ~[spring-security-web-5.7.11.jar:5.7.11]
	at org.springframework.security.web.FilterChainProxy$VirtualFilterChain.doFilter(FilterChainProxy.java:346) ~[spring-security-web-5.7.11.jar:5.7.11]
	at org.springframework.security.web.session.SessionManagementFilter.doFilter(SessionManagementFilter.java:126) ~[spring-security-web-5.7.11.jar:5.7.11]
	at org.springframework.security.web.session.SessionManagementFilter.doFilter(SessionManagementFilter.java:81) ~[spring-security-web-5.7.11.jar:5.7.11]
	at org.springframework.security.web.FilterChainProxy$VirtualFilterChain.doFilter(FilterChainProxy.java:346) ~[spring-security-web-5.7.11.jar:5.7.11]
	at org.springframework.security.web.authentication.AnonymousAuthenticationFilter.doFilter(AnonymousAuthenticationFilter.java:109) ~[spring-security-web-5.7.11.jar:5.7.11]
	at org.springframework.security.web.FilterChainProxy$VirtualFilterChain.doFilter(FilterChainProxy.java:346) ~[spring-security-web-5.7.11.jar:5.7.11]
	at org.springframework.security.web.servletapi.SecurityContextHolderAwareRequestFilter.doFilter(SecurityContextHolderAwareRequestFilter.java:149) ~[spring-security-web-5.7.11.jar:5.7.11]
	at org.springframework.security.web.FilterChainProxy$VirtualFilterChain.doFilter(FilterChainProxy.java:346) ~[spring-security-web-5.7.11.jar:5.7.11]
	at org.springframework.security.web.savedrequest.RequestCacheAwareFilter.doFilter(RequestCacheAwareFilter.java:63) ~[spring-security-web-5.7.11.jar:5.7.11]
	at org.springframework.security.web.FilterChainProxy$VirtualFilterChain.doFilter(FilterChainProxy.java:346) ~[spring-security-web-5.7.11.jar:5.7.11]
	at com.postion.airlineorderbackend.config.JwtAuthFilter.doFilterInternal(JwtAuthFilter.java:64) ~[classes/:na]
	at org.springframework.web.filter.OncePerRequestFilter.doFilter(OncePerRequestFilter.java:117) ~[spring-web-5.3.31.jar:5.3.31]
	at org.springframework.security.web.FilterChainProxy$VirtualFilterChain.doFilter(FilterChainProxy.java:346) ~[spring-security-web-5.7.11.jar:5.7.11]
	at org.springframework.security.web.authentication.logout.LogoutFilter.doFilter(LogoutFilter.java:103) ~[spring-security-web-5.7.11.jar:5.7.11]
	at org.springframework.security.web.authentication.logout.LogoutFilter.doFilter(LogoutFilter.java:89) ~[spring-security-web-5.7.11.jar:5.7.11]
	at org.springframework.security.web.FilterChainProxy$VirtualFilterChain.doFilter(FilterChainProxy.java:346) ~[spring-security-web-5.7.11.jar:5.7.11]
	at org.springframework.security.web.header.HeaderWriterFilter.doHeadersAfter(HeaderWriterFilter.java:90) ~[spring-security-web-5.7.11.jar:5.7.11]
	at org.springframework.security.web.header.HeaderWriterFilter.doFilterInternal(HeaderWriterFilter.java:75) ~[spring-security-web-5.7.11.jar:5.7.11]
	at org.springframework.web.filter.OncePerRequestFilter.doFilter(OncePerRequestFilter.java:117) ~[spring-web-5.3.31.jar:5.3.31]
	at org.springframework.security.web.FilterChainProxy$VirtualFilterChain.doFilter(FilterChainProxy.java:346) ~[spring-security-web-5.7.11.jar:5.7.11]
	at org.springframework.security.web.context.SecurityContextPersistenceFilter.doFilter(SecurityContextPersistenceFilter.java:112) ~[spring-security-web-5.7.11.jar:5.7.11]
	at org.springframework.security.web.context.SecurityContextPersistenceFilter.doFilter(SecurityContextPersistenceFilter.java:82) ~[spring-security-web-5.7.11.jar:5.7.11]
	at org.springframework.security.web.FilterChainProxy$VirtualFilterChain.doFilter(FilterChainProxy.java:346) ~[spring-security-web-5.7.11.jar:5.7.11]
	at org.springframework.security.web.context.request.async.WebAsyncManagerIntegrationFilter.doFilterInternal(WebAsyncManagerIntegrationFilter.java:55) ~[spring-security-web-5.7.11.jar:5.7.11]
	at org.springframework.web.filter.OncePerRequestFilter.doFilter(OncePerRequestFilter.java:117) ~[spring-web-5.3.31.jar:5.3.31]
	at org.springframework.security.web.FilterChainProxy$VirtualFilterChain.doFilter(FilterChainProxy.java:346) ~[spring-security-web-5.7.11.jar:5.7.11]
	at org.springframework.security.web.session.DisableEncodeUrlFilter.doFilterInternal(DisableEncodeUrlFilter.java:42) ~[spring-security-web-5.7.11.jar:5.7.11]
	at org.springframework.web.filter.OncePerRequestFilter.doFilter(OncePerRequestFilter.java:117) ~[spring-web-5.3.31.jar:5.3.31]
	at org.springframework.security.web.FilterChainProxy$VirtualFilterChain.doFilter(FilterChainProxy.java:346) ~[spring-security-web-5.7.11.jar:5.7.11]
	at org.springframework.security.web.FilterChainProxy.doFilterInternal(FilterChainProxy.java:221) ~[spring-security-web-5.7.11.jar:5.7.11]
	at org.springframework.security.web.FilterChainProxy.doFilter(FilterChainProxy.java:186) ~[spring-security-web-5.7.11.jar:5.7.11]
	at org.springframework.web.filter.DelegatingFilterProxy.invokeDelegate(DelegatingFilterProxy.java:354) ~[spring-web-5.3.31.jar:5.3.31]
	at org.springframework.web.filter.DelegatingFilterProxy.doFilter(DelegatingFilterProxy.java:267) ~[spring-web-5.3.31.jar:5.3.31]
	at org.apache.catalina.core.ApplicationFilterChain.internalDoFilter(ApplicationFilterChain.java:178) ~[tomcat-embed-core-9.0.83.jar:9.0.83]
	at org.apache.catalina.core.ApplicationFilterChain.doFilter(ApplicationFilterChain.java:153) ~[tomcat-embed-core-9.0.83.jar:9.0.83]
	at org.springframework.web.filter.RequestContextFilter.doFilterInternal(RequestContextFilter.java:100) ~[spring-web-5.3.31.jar:5.3.31]
	at org.springframework.web.filter.OncePerRequestFilter.doFilter(OncePerRequestFilter.java:117) ~[spring-web-5.3.31.jar:5.3.31]
	at org.apache.catalina.core.ApplicationFilterChain.internalDoFilter(ApplicationFilterChain.java:178) ~[tomcat-embed-core-9.0.83.jar:9.0.83]
	at org.apache.catalina.core.ApplicationFilterChain.doFilter(ApplicationFilterChain.java:153) ~[tomcat-embed-core-9.0.83.jar:9.0.83]
	at org.springframework.web.filter.FormContentFilter.doFilterInternal(FormContentFilter.java:93) ~[spring-web-5.3.31.jar:5.3.31]
	at org.springframework.web.filter.OncePerRequestFilter.doFilter(OncePerRequestFilter.java:117) ~[spring-web-5.3.31.jar:5.3.31]
	at org.apache.catalina.core.ApplicationFilterChain.internalDoFilter(ApplicationFilterChain.java:178) ~[tomcat-embed-core-9.0.83.jar:9.0.83]
	at org.apache.catalina.core.ApplicationFilterChain.doFilter(ApplicationFilterChain.java:153) ~[tomcat-embed-core-9.0.83.jar:9.0.83]
	at org.springframework.web.filter.CharacterEncodingFilter.doFilterInternal(CharacterEncodingFilter.java:201) ~[spring-web-5.3.31.jar:5.3.31]
	at org.springframework.web.filter.OncePerRequestFilter.doFilter(OncePerRequestFilter.java:117) ~[spring-web-5.3.31.jar:5.3.31]
	at org.apache.catalina.core.ApplicationFilterChain.internalDoFilter(ApplicationFilterChain.java:178) ~[tomcat-embed-core-9.0.83.jar:9.0.83]
	at org.apache.catalina.core.ApplicationFilterChain.doFilter(ApplicationFilterChain.java:153) ~[tomcat-embed-core-9.0.83.jar:9.0.83]
	at org.apache.catalina.core.StandardWrapperValve.invoke(StandardWrapperValve.java:168) ~[tomcat-embed-core-9.0.83.jar:9.0.83]
	at org.apache.catalina.core.StandardContextValve.invoke(StandardContextValve.java:90) ~[tomcat-embed-core-9.0.83.jar:9.0.83]
	at org.apache.catalina.authenticator.AuthenticatorBase.invoke(AuthenticatorBase.java:481) ~[tomcat-embed-core-9.0.83.jar:9.0.83]
	at org.apache.catalina.core.StandardHostValve.invoke(StandardHostValve.java:130) ~[tomcat-embed-core-9.0.83.jar:9.0.83]
	at org.apache.catalina.valves.ErrorReportValve.invoke(ErrorReportValve.java:93) ~[tomcat-embed-core-9.0.83.jar:9.0.83]
	at org.apache.catalina.core.StandardEngineValve.invoke(StandardEngineValve.java:74) ~[tomcat-embed-core-9.0.83.jar:9.0.83]
	at org.apache.catalina.connector.CoyoteAdapter.service(CoyoteAdapter.java:342) ~[tomcat-embed-core-9.0.83.jar:9.0.83]
	at org.apache.coyote.http11.Http11Processor.service(Http11Processor.java:390) ~[tomcat-embed-core-9.0.83.jar:9.0.83]
	at org.apache.coyote.AbstractProcessorLight.process(AbstractProcessorLight.java:63) ~[tomcat-embed-core-9.0.83.jar:9.0.83]
	at org.apache.coyote.AbstractProtocol$ConnectionHandler.process(AbstractProtocol.java:928) ~[tomcat-embed-core-9.0.83.jar:9.0.83]
	at org.apache.tomcat.util.net.NioEndpoint$SocketProcessor.doRun(NioEndpoint.java:1794) ~[tomcat-embed-core-9.0.83.jar:9.0.83]
	at org.apache.tomcat.util.net.SocketProcessorBase.run(SocketProcessorBase.java:52) ~[tomcat-embed-core-9.0.83.jar:9.0.83]
	at org.apache.tomcat.util.threads.ThreadPoolExecutor.runWorker(ThreadPoolExecutor.java:1191) ~[tomcat-embed-core-9.0.83.jar:9.0.83]
	at org.apache.tomcat.util.threads.ThreadPoolExecutor$Worker.run(ThreadPoolExecutor.java:659) ~[tomcat-embed-core-9.0.83.jar:9.0.83]
	at org.apache.tomcat.util.threads.TaskThread$WrappingRunnable.run(TaskThread.java:61) ~[tomcat-embed-core-9.0.83.jar:9.0.83]
	at java.base/java.lang.Thread.run(Thread.java:833) ~[na:na]

2025-08-18 15:19:02.286  INFO 11712 --- [scheduling-1] c.p.a.service.impl.OrderServiceImpl      : ¡¾Scheduled Task¡¿Start cancelUnpaidOrders().
2025-08-18 15:19:02.286  INFO 11712 --- [scheduling-1] c.p.a.service.impl.OrderServiceImpl      : ¡¾Scheduled Task¡¿End cancelUnpaidOrders(). No upaidOrders. Time:2025-08-18T15:19:02.286627500
2025-08-18 15:32:06.392  INFO 15200 --- [main] c.p.a.AirlineOrderBackendApplication     : Starting AirlineOrderBackendApplication using Java 17 on IBM-PF3K9Z7A with PID 15200 (D:\dev\airline-order-course\backend\target\classes started by WenWRRong in D:\dev\airline-order-course\backend)
2025-08-18 15:32:06.392  INFO 15200 --- [main] c.p.a.AirlineOrderBackendApplication     : No active profile set, falling back to 1 default profile: "default"
2025-08-18 15:32:06.981  INFO 15200 --- [main] .s.d.r.c.RepositoryConfigurationDelegate : Bootstrapping Spring Data JPA repositories in DEFAULT mode.
2025-08-18 15:32:07.042  INFO 15200 --- [main] .s.d.r.c.RepositoryConfigurationDelegate : Finished Spring Data repository scanning in 52 ms. Found 2 JPA repository interfaces.
2025-08-18 15:32:07.547  INFO 15200 --- [main] o.s.b.w.embedded.tomcat.TomcatWebServer  : Tomcat initialized with port(s): 8080 (http)
2025-08-18 15:32:07.567  INFO 15200 --- [main] o.apache.catalina.core.StandardService   : Starting service [Tomcat]
2025-08-18 15:32:07.568  INFO 15200 --- [main] org.apache.catalina.core.StandardEngine  : Starting Servlet engine: [Apache Tomcat/9.0.83]
2025-08-18 15:32:07.676  INFO 15200 --- [main] o.a.c.c.C.[Tomcat].[localhost].[/]       : Initializing Spring embedded WebApplicationContext
2025-08-18 15:32:07.676  INFO 15200 --- [main] w.s.c.ServletWebServerApplicationContext : Root WebApplicationContext: initialization completed in 1223 ms
2025-08-18 15:32:07.857  INFO 15200 --- [main] o.hibernate.jpa.internal.util.LogHelper  : HHH000204: Processing PersistenceUnitInfo [name: default]
2025-08-18 15:32:07.895  INFO 15200 --- [main] org.hibernate.Version                    : HHH000412: Hibernate ORM core version 5.6.15.Final
2025-08-18 15:32:08.009  INFO 15200 --- [main] o.hibernate.annotations.common.Version   : HCANN000001: Hibernate Commons Annotations {5.1.2.Final}
2025-08-18 15:32:08.095  INFO 15200 --- [main] com.zaxxer.hikari.HikariDataSource       : HikariPool-1 - Starting...
2025-08-18 15:32:08.255  INFO 15200 --- [main] com.zaxxer.hikari.HikariDataSource       : HikariPool-1 - Start completed.
2025-08-18 15:32:08.255  INFO 15200 --- [main] org.hibernate.dialect.Dialect            : HHH000400: Using dialect: org.hibernate.dialect.MySQL8Dialect
2025-08-18 15:32:08.808  INFO 15200 --- [main] o.h.e.t.j.p.i.JtaPlatformInitiator       : HHH000490: Using JtaPlatform implementation: [org.hibernate.engine.transaction.jta.platform.internal.NoJtaPlatform]
2025-08-18 15:32:08.816  INFO 15200 --- [main] j.LocalContainerEntityManagerFactoryBean : Initialized JPA EntityManagerFactory for persistence unit 'default'
2025-08-18 15:32:09.194  INFO 15200 --- [main] o.s.s.web.DefaultSecurityFilterChain     : Will secure any request with [org.springframework.security.web.session.DisableEncodeUrlFilter@41d53813, org.springframework.security.web.context.request.async.WebAsyncManagerIntegrationFilter@52f118aa, org.springframework.security.web.context.SecurityContextPersistenceFilter@6fdd3382, org.springframework.security.web.header.HeaderWriterFilter@2570851e, org.springframework.security.web.authentication.logout.LogoutFilter@13dc383b, com.postion.airlineorderbackend.config.JwtAuthFilter@2a8e30e3, org.springframework.security.web.savedrequest.RequestCacheAwareFilter@32245b66, org.springframework.security.web.servletapi.SecurityContextHolderAwareRequestFilter@729c8def, org.springframework.security.web.authentication.AnonymousAuthenticationFilter@31cd0efa, org.springframework.security.web.session.SessionManagementFilter@406808eb, org.springframework.security.web.access.ExceptionTranslationFilter@5300694d, org.springframework.security.web.access.intercept.AuthorizationFilter@684f7f1c]
2025-08-18 15:32:09.326  WARN 15200 --- [main] JpaBaseConfiguration$JpaWebConfiguration : spring.jpa.open-in-view is enabled by default. Therefore, database queries may be performed during view rendering. Explicitly configure spring.jpa.open-in-view to disable this warning
2025-08-18 15:32:09.671  INFO 15200 --- [main] o.s.b.w.embedded.tomcat.TomcatWebServer  : Tomcat started on port(s): 8080 (http) with context path ''
2025-08-18 15:32:09.683  INFO 15200 --- [main] c.p.a.AirlineOrderBackendApplication     : Started AirlineOrderBackendApplication in 3.591 seconds (JVM running for 3.859)
2025-08-18 15:32:09.792  INFO 15200 --- [scheduling-1] c.p.a.service.impl.OrderServiceImpl      : ¡¾Scheduled Task¡¿Start cancelUnpaidOrders().
2025-08-18 15:32:09.891  INFO 15200 --- [scheduling-1] c.p.a.service.impl.OrderServiceImpl      : ¡¾Scheduled Task¡¿End cancelUnpaidOrders(). No upaidOrders. Time:2025-08-18T15:32:09.891941700
2025-08-18 15:32:30.009  INFO 15200 --- [http-nio-8080-exec-1] o.a.c.c.C.[Tomcat].[localhost].[/]       : Initializing Spring DispatcherServlet 'dispatcherServlet'
2025-08-18 15:32:30.009  INFO 15200 --- [http-nio-8080-exec-1] o.s.web.servlet.DispatcherServlet        : Initializing Servlet 'dispatcherServlet'
2025-08-18 15:32:30.009  INFO 15200 --- [http-nio-8080-exec-1] o.s.web.servlet.DispatcherServlet        : Completed initialization in 0 ms
2025-08-18 15:33:09.821  INFO 15200 --- [scheduling-1] c.p.a.service.impl.OrderServiceImpl      : ¡¾Scheduled Task¡¿Start cancelUnpaidOrders().
2025-08-18 15:33:09.834  INFO 15200 --- [scheduling-1] c.p.a.service.impl.OrderServiceImpl      : ¡¾Scheduled Task¡¿End cancelUnpaidOrders(). No upaidOrders. Time:2025-08-18T15:33:09.834753700
2025-08-18 15:34:09.766  INFO 15200 --- [scheduling-1] c.p.a.service.impl.OrderServiceImpl      : ¡¾Scheduled Task¡¿Start cancelUnpaidOrders().
2025-08-18 15:34:09.775  INFO 15200 --- [scheduling-1] c.p.a.service.impl.OrderServiceImpl      : ¡¾Scheduled Task¡¿End cancelUnpaidOrders(). No upaidOrders. Time:2025-08-18T15:34:09.775233700
2025-08-18 15:35:09.773  INFO 15200 --- [scheduling-1] c.p.a.service.impl.OrderServiceImpl      : ¡¾Scheduled Task¡¿Start cancelUnpaidOrders().
2025-08-18 15:35:09.783  INFO 15200 --- [scheduling-1] c.p.a.service.impl.OrderServiceImpl      : ¡¾Scheduled Task¡¿End cancelUnpaidOrders(). No upaidOrders. Time:2025-08-18T15:35:09.783221700
2025-08-18 15:39:26.862  INFO 10084 --- [main] c.p.a.AirlineOrderBackendApplication     : Starting AirlineOrderBackendApplication using Java 17 on IBM-PF3K9Z7A with PID 10084 (D:\dev\airline-order-course\backend\target\classes started by WenWRRong in D:\dev\airline-order-course\backend)
2025-08-18 15:39:26.862  INFO 10084 --- [main] c.p.a.AirlineOrderBackendApplication     : No active profile set, falling back to 1 default profile: "default"
2025-08-18 15:39:27.524  INFO 10084 --- [main] .s.d.r.c.RepositoryConfigurationDelegate : Bootstrapping Spring Data JPA repositories in DEFAULT mode.
2025-08-18 15:39:27.592  INFO 10084 --- [main] .s.d.r.c.RepositoryConfigurationDelegate : Finished Spring Data repository scanning in 48 ms. Found 2 JPA repository interfaces.
2025-08-18 15:39:28.145  INFO 10084 --- [main] o.s.b.w.embedded.tomcat.TomcatWebServer  : Tomcat initialized with port(s): 8080 (http)
2025-08-18 15:39:28.156  INFO 10084 --- [main] o.apache.catalina.core.StandardService   : Starting service [Tomcat]
2025-08-18 15:39:28.156  INFO 10084 --- [main] org.apache.catalina.core.StandardEngine  : Starting Servlet engine: [Apache Tomcat/9.0.83]
2025-08-18 15:39:28.279  INFO 10084 --- [main] o.a.c.c.C.[Tomcat].[localhost].[/]       : Initializing Spring embedded WebApplicationContext
2025-08-18 15:39:28.279  INFO 10084 --- [main] w.s.c.ServletWebServerApplicationContext : Root WebApplicationContext: initialization completed in 1357 ms
2025-08-18 15:39:28.432  INFO 10084 --- [main] o.hibernate.jpa.internal.util.LogHelper  : HHH000204: Processing PersistenceUnitInfo [name: default]
2025-08-18 15:39:28.463  INFO 10084 --- [main] org.hibernate.Version                    : HHH000412: Hibernate ORM core version 5.6.15.Final
2025-08-18 15:39:28.574  INFO 10084 --- [main] o.hibernate.annotations.common.Version   : HCANN000001: Hibernate Commons Annotations {5.1.2.Final}
2025-08-18 15:39:28.650  INFO 10084 --- [main] com.zaxxer.hikari.HikariDataSource       : HikariPool-1 - Starting...
2025-08-18 15:39:28.820  INFO 10084 --- [main] com.zaxxer.hikari.HikariDataSource       : HikariPool-1 - Start completed.
2025-08-18 15:39:28.833  INFO 10084 --- [main] org.hibernate.dialect.Dialect            : HHH000400: Using dialect: org.hibernate.dialect.MySQL8Dialect
2025-08-18 15:39:29.433  INFO 10084 --- [main] o.h.e.t.j.p.i.JtaPlatformInitiator       : HHH000490: Using JtaPlatform implementation: [org.hibernate.engine.transaction.jta.platform.internal.NoJtaPlatform]
2025-08-18 15:39:29.446  INFO 10084 --- [main] j.LocalContainerEntityManagerFactoryBean : Initialized JPA EntityManagerFactory for persistence unit 'default'
2025-08-18 15:39:29.847  INFO 10084 --- [main] o.s.s.web.DefaultSecurityFilterChain     : Will secure any request with [org.springframework.security.web.session.DisableEncodeUrlFilter@684f7f1c, org.springframework.security.web.context.request.async.WebAsyncManagerIntegrationFilter@6a013bdd, org.springframework.security.web.context.SecurityContextPersistenceFilter@406808eb, org.springframework.security.web.header.HeaderWriterFilter@3462e99a, org.springframework.security.web.authentication.logout.LogoutFilter@3b780b5c, com.postion.airlineorderbackend.config.JwtAuthFilter@3faa55, org.springframework.security.web.savedrequest.RequestCacheAwareFilter@89465d9, org.springframework.security.web.servletapi.SecurityContextHolderAwareRequestFilter@19355a56, org.springframework.security.web.authentication.AnonymousAuthenticationFilter@5e0bba2f, org.springframework.security.web.session.SessionManagementFilter@9dbb1d9, org.springframework.security.web.access.ExceptionTranslationFilter@9f52eb7, org.springframework.security.web.access.intercept.AuthorizationFilter@15a2fddd]
2025-08-18 15:39:29.966  WARN 10084 --- [main] JpaBaseConfiguration$JpaWebConfiguration : spring.jpa.open-in-view is enabled by default. Therefore, database queries may be performed during view rendering. Explicitly configure spring.jpa.open-in-view to disable this warning
2025-08-18 15:39:30.292  INFO 10084 --- [main] o.s.b.w.embedded.tomcat.TomcatWebServer  : Tomcat started on port(s): 8080 (http) with context path ''
2025-08-18 15:39:30.304  INFO 10084 --- [main] c.p.a.AirlineOrderBackendApplication     : Started AirlineOrderBackendApplication in 3.772 seconds (JVM running for 4.058)
2025-08-18 15:39:30.423  INFO 10084 --- [scheduling-1] c.p.a.service.impl.OrderServiceImpl      : ¡¾Scheduled Task¡¿Start cancelUnpaidOrders().
2025-08-18 15:39:30.512  INFO 10084 --- [scheduling-1] c.p.a.service.impl.OrderServiceImpl      : ¡¾Scheduled Task¡¿End cancelUnpaidOrders(). No upaidOrders. Time:2025-08-18T15:39:30.512602400
2025-08-18 15:39:39.796  INFO 10084 --- [http-nio-8080-exec-1] o.a.c.c.C.[Tomcat].[localhost].[/]       : Initializing Spring DispatcherServlet 'dispatcherServlet'
2025-08-18 15:39:39.796  INFO 10084 --- [http-nio-8080-exec-1] o.s.web.servlet.DispatcherServlet        : Initializing Servlet 'dispatcherServlet'
2025-08-18 15:39:39.798  INFO 10084 --- [http-nio-8080-exec-1] o.s.web.servlet.DispatcherServlet        : Completed initialization in 1 ms
2025-08-18 15:40:30.389  INFO 10084 --- [scheduling-1] c.p.a.service.impl.OrderServiceImpl      : ¡¾Scheduled Task¡¿Start cancelUnpaidOrders().
2025-08-18 15:40:30.409  INFO 10084 --- [scheduling-1] c.p.a.service.impl.OrderServiceImpl      : ¡¾Scheduled Task¡¿End cancelUnpaidOrders(). No upaidOrders. Time:2025-08-18T15:40:30.409770700
2025-08-18 15:41:30.455  INFO 10084 --- [scheduling-1] c.p.a.service.impl.OrderServiceImpl      : ¡¾Scheduled Task¡¿Start cancelUnpaidOrders().
2025-08-18 15:41:30.461  INFO 10084 --- [scheduling-1] c.p.a.service.impl.OrderServiceImpl      : ¡¾Scheduled Task¡¿End cancelUnpaidOrders(). No upaidOrders. Time:2025-08-18T15:41:30.461626800
2025-08-18 15:42:30.398  INFO 10084 --- [scheduling-1] c.p.a.service.impl.OrderServiceImpl      : ¡¾Scheduled Task¡¿Start cancelUnpaidOrders().
2025-08-18 15:42:30.405  INFO 10084 --- [scheduling-1] c.p.a.service.impl.OrderServiceImpl      : ¡¾Scheduled Task¡¿End cancelUnpaidOrders(). No upaidOrders. Time:2025-08-18T15:42:30.405276400
2025-08-18 15:43:30.393  INFO 10084 --- [scheduling-1] c.p.a.service.impl.OrderServiceImpl      : ¡¾Scheduled Task¡¿Start cancelUnpaidOrders().
2025-08-18 15:43:30.404  INFO 10084 --- [scheduling-1] c.p.a.service.impl.OrderServiceImpl      : ¡¾Scheduled Task¡¿End cancelUnpaidOrders(). No upaidOrders. Time:2025-08-18T15:43:30.404455
2025-08-18 15:44:30.397  INFO 10084 --- [scheduling-1] c.p.a.service.impl.OrderServiceImpl      : ¡¾Scheduled Task¡¿Start cancelUnpaidOrders().
2025-08-18 15:44:30.403  INFO 10084 --- [scheduling-1] c.p.a.service.impl.OrderServiceImpl      : ¡¾Scheduled Task¡¿End cancelUnpaidOrders(). No upaidOrders. Time:2025-08-18T15:44:30.403102100
2025-08-18 15:45:30.385  INFO 10084 --- [scheduling-1] c.p.a.service.impl.OrderServiceImpl      : ¡¾Scheduled Task¡¿Start cancelUnpaidOrders().
2025-08-18 15:45:30.391  INFO 10084 --- [scheduling-1] c.p.a.service.impl.OrderServiceImpl      : ¡¾Scheduled Task¡¿End cancelUnpaidOrders(). No upaidOrders. Time:2025-08-18T15:45:30.391428700
2025-08-18 15:46:30.404  INFO 10084 --- [scheduling-1] c.p.a.service.impl.OrderServiceImpl      : ¡¾Scheduled Task¡¿Start cancelUnpaidOrders().
2025-08-18 15:46:30.404  INFO 10084 --- [scheduling-1] c.p.a.service.impl.OrderServiceImpl      : ¡¾Scheduled Task¡¿End cancelUnpaidOrders(). No upaidOrders. Time:2025-08-18T15:46:30.404289400
2025-08-18 15:47:30.397  INFO 10084 --- [scheduling-1] c.p.a.service.impl.OrderServiceImpl      : ¡¾Scheduled Task¡¿Start cancelUnpaidOrders().
2025-08-18 15:47:30.403  INFO 10084 --- [scheduling-1] c.p.a.service.impl.OrderServiceImpl      : ¡¾Scheduled Task¡¿End cancelUnpaidOrders(). No upaidOrders. Time:2025-08-18T15:47:30.403247100
2025-08-18 15:48:30.389  INFO 10084 --- [scheduling-1] c.p.a.service.impl.OrderServiceImpl      : ¡¾Scheduled Task¡¿Start cancelUnpaidOrders().
2025-08-18 15:48:30.389  INFO 10084 --- [scheduling-1] c.p.a.service.impl.OrderServiceImpl      : ¡¾Scheduled Task¡¿End cancelUnpaidOrders(). No upaidOrders. Time:2025-08-18T15:48:30.389213300
2025-08-18 15:49:30.441  INFO 10084 --- [scheduling-1] c.p.a.service.impl.OrderServiceImpl      : ¡¾Scheduled Task¡¿Start cancelUnpaidOrders().
2025-08-18 15:49:30.441  INFO 10084 --- [scheduling-1] c.p.a.service.impl.OrderServiceImpl      : ¡¾Scheduled Task¡¿End cancelUnpaidOrders(). No upaidOrders. Time:2025-08-18T15:49:30.441977
2025-08-18 15:50:30.391  INFO 10084 --- [scheduling-1] c.p.a.service.impl.OrderServiceImpl      : ¡¾Scheduled Task¡¿Start cancelUnpaidOrders().
2025-08-18 15:50:30.396  INFO 10084 --- [scheduling-1] c.p.a.service.impl.OrderServiceImpl      : ¡¾Scheduled Task¡¿End cancelUnpaidOrders(). No upaidOrders. Time:2025-08-18T15:50:30.396767
2025-08-18 15:50:56.058  INFO 10084 --- [http-nio-8080-exec-3] c.p.a.service.impl.OrderServiceImpl      : Start getOrderById(), orderId:15
2025-08-18 15:50:56.089  INFO 10084 --- [http-nio-8080-exec-3] c.p.a.service.impl.OrderServiceImpl      : End getOrderById(), orderId:15
2025-08-18 15:50:56.110  INFO 10084 --- [http-nio-8080-exec-2] c.p.a.service.impl.OrderServiceImpl      : Start getOrderById(), orderId:15
2025-08-18 15:50:56.129  INFO 10084 --- [http-nio-8080-exec-2] c.p.a.service.impl.OrderServiceImpl      : End getOrderById(), orderId:15
2025-08-18 15:51:04.255  INFO 10084 --- [http-nio-8080-exec-7] c.p.a.service.impl.OrderServiceImpl      : Start getOrderById(), orderId:19
2025-08-18 15:51:04.274  INFO 10084 --- [http-nio-8080-exec-7] c.p.a.service.impl.OrderServiceImpl      : End getOrderById(), orderId:19
2025-08-18 15:51:04.292  INFO 10084 --- [http-nio-8080-exec-8] c.p.a.service.impl.OrderServiceImpl      : Start getOrderById(), orderId:19
2025-08-18 15:51:04.311  INFO 10084 --- [http-nio-8080-exec-8] c.p.a.service.impl.OrderServiceImpl      : End getOrderById(), orderId:19
2025-08-18 15:51:06.664  INFO 10084 --- [http-nio-8080-exec-9] c.p.a.service.impl.OrderServiceImpl      : Start payOrder(), orderId:19
2025-08-18 15:51:06.685  INFO 10084 --- [http-nio-8080-exec-9] c.p.a.service.impl.OrderServiceImpl      : End payOrder(), orderId:19 status is updated to PAID
2025-08-18 15:51:06.686  INFO 10084 --- [http-nio-8080-exec-9] c.p.a.service.impl.OrderServiceImpl      : Start requestTicketIssuance(), orderId:19
2025-08-18 15:51:06.687  INFO 10084 --- [http-nio-8080-exec-9] c.p.a.service.impl.OrderServiceImpl      : End requestTicketIssuance(), orderId:19
2025-08-18 15:51:06.795  INFO 10084 --- [http-nio-8080-exec-10] c.p.a.service.impl.OrderServiceImpl      : Start getOrderById(), orderId:19
2025-08-18 15:51:06.817  INFO 10084 --- [http-nio-8080-exec-10] c.p.a.service.impl.OrderServiceImpl      : End getOrderById(), orderId:19
2025-08-18 15:51:06.829  INFO 10084 --- [http-nio-8080-exec-1] c.p.a.service.impl.OrderServiceImpl      : Start getOrderById(), orderId:19
2025-08-18 15:51:06.849  INFO 10084 --- [http-nio-8080-exec-1] c.p.a.service.impl.OrderServiceImpl      : End getOrderById(), orderId:19
2025-08-18 15:51:10.663  INFO 10084 --- [http-nio-8080-exec-5] c.p.a.service.impl.OrderServiceImpl      : Start getOrderById(), orderId:20
2025-08-18 15:51:10.683  INFO 10084 --- [http-nio-8080-exec-5] c.p.a.service.impl.OrderServiceImpl      : End getOrderById(), orderId:20
2025-08-18 15:51:10.699  INFO 10084 --- [http-nio-8080-exec-6] c.p.a.service.impl.OrderServiceImpl      : Start getOrderById(), orderId:20
2025-08-18 15:51:10.721  INFO 10084 --- [http-nio-8080-exec-6] c.p.a.service.impl.OrderServiceImpl      : End getOrderById(), orderId:20
2025-08-18 15:51:14.401  INFO 10084 --- [http-nio-8080-exec-10] c.p.a.service.impl.OrderServiceImpl      : Start getOrderById(), orderId:21
2025-08-18 15:51:14.423  INFO 10084 --- [http-nio-8080-exec-10] c.p.a.service.impl.OrderServiceImpl      : End getOrderById(), orderId:21
2025-08-18 15:51:14.440  INFO 10084 --- [http-nio-8080-exec-1] c.p.a.service.impl.OrderServiceImpl      : Start getOrderById(), orderId:21
2025-08-18 15:51:14.462  INFO 10084 --- [http-nio-8080-exec-1] c.p.a.service.impl.OrderServiceImpl      : End getOrderById(), orderId:21
2025-08-18 15:51:18.656  INFO 10084 --- [http-nio-8080-exec-5] c.p.a.service.impl.OrderServiceImpl      : Start getOrderById(), orderId:15
2025-08-18 15:51:18.701  INFO 10084 --- [http-nio-8080-exec-5] c.p.a.service.impl.OrderServiceImpl      : End getOrderById(), orderId:15
2025-08-18 15:51:18.717  INFO 10084 --- [http-nio-8080-exec-6] c.p.a.service.impl.OrderServiceImpl      : Start getOrderById(), orderId:15
2025-08-18 15:51:18.759  INFO 10084 --- [http-nio-8080-exec-6] c.p.a.service.impl.OrderServiceImpl      : End getOrderById(), orderId:15
2025-08-18 15:51:19.845  INFO 10084 --- [http-nio-8080-exec-7] c.p.a.service.impl.OrderServiceImpl      : Start cancelOrder(), orderId:15
2025-08-18 15:51:19.845  INFO 10084 --- [http-nio-8080-exec-7] c.p.a.service.impl.OrderServiceImpl      : End cancelOrder(), orderId:15
2025-08-18 15:51:19.944  INFO 10084 --- [http-nio-8080-exec-8] c.p.a.service.impl.OrderServiceImpl      : Start getOrderById(), orderId:15
2025-08-18 15:51:19.965  INFO 10084 --- [http-nio-8080-exec-8] c.p.a.service.impl.OrderServiceImpl      : End getOrderById(), orderId:15
2025-08-18 15:51:19.976  INFO 10084 --- [http-nio-8080-exec-9] c.p.a.service.impl.OrderServiceImpl      : Start getOrderById(), orderId:15
2025-08-18 15:51:19.991  INFO 10084 --- [http-nio-8080-exec-9] c.p.a.service.impl.OrderServiceImpl      : End getOrderById(), orderId:15
2025-08-18 15:51:30.406  INFO 10084 --- [scheduling-1] c.p.a.service.impl.OrderServiceImpl      : ¡¾Scheduled Task¡¿Start cancelUnpaidOrders().
2025-08-18 15:51:30.407  INFO 10084 --- [scheduling-1] c.p.a.service.impl.OrderServiceImpl      : ¡¾Scheduled Task¡¿End cancelUnpaidOrders(). No upaidOrders. Time:2025-08-18T15:51:30.407689500
2025-08-18 15:52:30.385  INFO 10084 --- [scheduling-1] c.p.a.service.impl.OrderServiceImpl      : ¡¾Scheduled Task¡¿Start cancelUnpaidOrders().
2025-08-18 15:52:30.391  INFO 10084 --- [scheduling-1] c.p.a.service.impl.OrderServiceImpl      : ¡¾Scheduled Task¡¿End cancelUnpaidOrders(). No upaidOrders. Time:2025-08-18T15:52:30.391560900
2025-08-18 15:53:30.381  INFO 10084 --- [scheduling-1] c.p.a.service.impl.OrderServiceImpl      : ¡¾Scheduled Task¡¿Start cancelUnpaidOrders().
2025-08-18 15:53:30.386  INFO 10084 --- [scheduling-1] c.p.a.service.impl.OrderServiceImpl      : ¡¾Scheduled Task¡¿End cancelUnpaidOrders(). No upaidOrders. Time:2025-08-18T15:53:30.386051800
2025-08-18 15:54:30.429  INFO 10084 --- [scheduling-1] c.p.a.service.impl.OrderServiceImpl      : ¡¾Scheduled Task¡¿Start cancelUnpaidOrders().
2025-08-18 15:54:30.434  INFO 10084 --- [scheduling-1] c.p.a.service.impl.OrderServiceImpl      : ¡¾Scheduled Task¡¿End cancelUnpaidOrders(). No upaidOrders. Time:2025-08-18T15:54:30.434441200
2025-08-18 15:55:30.380  INFO 10084 --- [scheduling-1] c.p.a.service.impl.OrderServiceImpl      : ¡¾Scheduled Task¡¿Start cancelUnpaidOrders().
2025-08-18 15:55:30.396  INFO 10084 --- [scheduling-1] c.p.a.service.impl.OrderServiceImpl      : ¡¾Scheduled Task¡¿End cancelUnpaidOrders(). No upaidOrders. Time:2025-08-18T15:55:30.396288800
2025-08-18 15:56:30.459  INFO 10084 --- [scheduling-1] c.p.a.service.impl.OrderServiceImpl      : ¡¾Scheduled Task¡¿Start cancelUnpaidOrders().
2025-08-18 15:56:30.465  INFO 10084 --- [scheduling-1] c.p.a.service.impl.OrderServiceImpl      : ¡¾Scheduled Task¡¿End cancelUnpaidOrders(). No upaidOrders. Time:2025-08-18T15:56:30.465091400
2025-08-18 15:57:30.442  INFO 10084 --- [scheduling-1] c.p.a.service.impl.OrderServiceImpl      : ¡¾Scheduled Task¡¿Start cancelUnpaidOrders().
2025-08-18 15:57:30.442  INFO 10084 --- [scheduling-1] c.p.a.service.impl.OrderServiceImpl      : ¡¾Scheduled Task¡¿End cancelUnpaidOrders(). No upaidOrders. Time:2025-08-18T15:57:30.442974
2025-08-18 15:58:30.548  INFO 10084 --- [scheduling-1] c.p.a.service.impl.OrderServiceImpl      : ¡¾Scheduled Task¡¿Start cancelUnpaidOrders().
2025-08-18 15:58:30.555  INFO 10084 --- [scheduling-1] c.p.a.service.impl.OrderServiceImpl      : ¡¾Scheduled Task¡¿End cancelUnpaidOrders(). No upaidOrders. Time:2025-08-18T15:58:30.555322200
2025-08-18 15:59:30.455  INFO 10084 --- [scheduling-1] c.p.a.service.impl.OrderServiceImpl      : ¡¾Scheduled Task¡¿Start cancelUnpaidOrders().
2025-08-18 15:59:30.458  INFO 10084 --- [scheduling-1] c.p.a.service.impl.OrderServiceImpl      : ¡¾Scheduled Task¡¿End cancelUnpaidOrders(). No upaidOrders. Time:2025-08-18T15:59:30.458188200
2025-08-18 16:00:30.397  INFO 10084 --- [scheduling-1] c.p.a.service.impl.OrderServiceImpl      : ¡¾Scheduled Task¡¿Start cancelUnpaidOrders().
2025-08-18 16:00:30.397  INFO 10084 --- [scheduling-1] c.p.a.service.impl.OrderServiceImpl      : ¡¾Scheduled Task¡¿End cancelUnpaidOrders(). No upaidOrders. Time:2025-08-18T16:00:30.397752800
2025-08-18 16:01:30.385  INFO 10084 --- [scheduling-1] c.p.a.service.impl.OrderServiceImpl      : ¡¾Scheduled Task¡¿Start cancelUnpaidOrders().
2025-08-18 16:01:30.385  INFO 10084 --- [scheduling-1] c.p.a.service.impl.OrderServiceImpl      : ¡¾Scheduled Task¡¿End cancelUnpaidOrders(). No upaidOrders. Time:2025-08-18T16:01:30.385617600
2025-08-18 16:02:30.565  INFO 10084 --- [scheduling-1] c.p.a.service.impl.OrderServiceImpl      : ¡¾Scheduled Task¡¿Start cancelUnpaidOrders().
2025-08-18 16:02:30.584  INFO 10084 --- [scheduling-1] c.p.a.service.impl.OrderServiceImpl      : ¡¾Scheduled Task¡¿End cancelUnpaidOrders(). No upaidOrders. Time:2025-08-18T16:02:30.584812400
2025-08-18 16:03:30.397  INFO 10084 --- [scheduling-1] c.p.a.service.impl.OrderServiceImpl      : ¡¾Scheduled Task¡¿Start cancelUnpaidOrders().
2025-08-18 16:03:30.401  INFO 10084 --- [scheduling-1] c.p.a.service.impl.OrderServiceImpl      : ¡¾Scheduled Task¡¿End cancelUnpaidOrders(). No upaidOrders. Time:2025-08-18T16:03:30.401848900
2025-08-18 16:04:30.396  INFO 10084 --- [scheduling-1] c.p.a.service.impl.OrderServiceImpl      : ¡¾Scheduled Task¡¿Start cancelUnpaidOrders().
2025-08-18 16:04:30.403  INFO 10084 --- [scheduling-1] c.p.a.service.impl.OrderServiceImpl      : ¡¾Scheduled Task¡¿End cancelUnpaidOrders(). No upaidOrders. Time:2025-08-18T16:04:30.403812900
